2025-08-28 19:37:36.568000+00:00| INFO | cloud_migration | Uploaded parquet_data/monitoring_20250828_193735.parquet to S3 at archived_data/monitoring_20250828_193735.parquet
2025-08-28 19:37:36.568000+00:00| INFO | cloud_migration | Uploaded parquet_data/ticks_20250828_193735.parquet to S3 at archived_data/ticks_20250828_193735.parquet
2025-08-28 19:37:36.569000+00:00| INFO | cloud_migration | Uploaded parquet_data/uptime_20250828_193735.parquet to S3 at archived_data/uptime_20250828_193735.parquet
2025-08-28 19:37:36.569000+00:00| INFO | cloud_migration | Uploaded parquet_data/proc_diagnostics_20250828_193735.parquet to S3 at archived_data/proc_diagnostics_20250828_193735.parquet
2025-08-28 19:37:36.569000+00:00| INFO | cloud_migration | Uploaded parquet_data/ws_diagnostics_20250828_193735.parquet to S3 at archived_data/ws_diagnostics_20250828_193735.parquet
2025-08-28 19:37:38.505000+00:00| INFO | kafka_consumer | Inserted 8 rows to ticks_db.
2025-08-28 19:37:39.486000+00:00| INFO | monitoring | Inserted ticks monitoring data for 215 messages.
2025-08-28 19:37:39.525000+00:00| INFO | kafka_consumer | Inserted 20 rows to ticks_db.
2025-08-28 19:37:40.455000+00:00| INFO | monitoring | Completed a monitoring cycle.
2025-08-28 19:37:40.576000+00:00| INFO | kafka_consumer | Inserted 29 rows to ticks_db.
2025-08-28 19:37:41.558000+00:00| INFO | kafka_consumer | Inserted 48 rows to ticks_db.
2025-08-28 19:37:44.608000+00:00| INFO | kafka_consumer | Inserted 8 rows to ticks_db.
2025-08-28 19:37:44.707000+00:00| INFO | monitoring | Inserted ticks monitoring data for 97 messages.
2025-08-28 19:37:45.542000+00:00| INFO | monitoring | Completed a monitoring cycle.
2025-08-28 19:37:49.562000+00:00| INFO | kafka_consumer | Inserted 7 rows to ticks_db.
2025-08-28 19:37:49.773000+00:00| INFO | monitoring | Inserted ticks monitoring data for 7 messages.
2025-08-28 19:37:50.579000+00:00| INFO | kafka_consumer | Inserted 2 rows to ticks_db.
2025-08-28 19:37:50.619000+00:00| INFO | monitoring | Completed a monitoring cycle.
2025-08-28 19:37:51.567000+00:00| INFO | kafka_consumer | Inserted 1 rows to ticks_db.
2025-08-28 19:37:53.617000+00:00| INFO | kafka_consumer | Inserted 14 rows to ticks_db.
2025-08-28 19:37:54.626000+00:00| INFO | kafka_consumer | Inserted 175 rows to ticks_db.
2025-08-28 19:37:54.892000+00:00| INFO | monitoring | Inserted ticks monitoring data for 192 messages.
2025-08-28 19:37:55.649000+00:00| INFO | kafka_consumer | Inserted 119 rows to ticks_db.
2025-08-28 19:37:55.677000+00:00| INFO | monitoring | Completed a monitoring cycle.
2025-08-28 19:37:56.623000+00:00| INFO | kafka_consumer | Inserted 37 rows to ticks_db.
2025-08-28 19:37:58.653000+00:00| INFO | kafka_consumer | Inserted 25 rows to ticks_db.
2025-08-28 19:37:59.638000+00:00| INFO | kafka_consumer | Inserted 7 rows to ticks_db.
2025-08-28 19:38:00.218000+00:00| INFO | monitoring | Inserted ticks monitoring data for 188 messages.
2025-08-28 19:38:00.611000+00:00| INFO | kafka_consumer | Inserted 61 rows to ticks_db.
2025-08-28 19:38:00.775000+00:00| INFO | monitoring | Completed a monitoring cycle.
2025-08-28 19:38:02.684000+00:00| INFO | kafka_consumer | Inserted 2 rows to ticks_db.
2025-08-28 19:38:03.610000+00:00| INFO | kafka_consumer | Inserted 164 rows to ticks_db.
2025-08-28 19:38:04.625000+00:00| INFO | kafka_consumer | Inserted 1 rows to ticks_db.
2025-08-28 19:38:05.708000+00:00| INFO | monitoring | Inserted ticks monitoring data for 228 messages.
2025-08-28 19:38:06.549000+00:00| INFO | monitoring | Completed a monitoring cycle.
2025-08-28 19:38:06.871000+00:00| INFO | kafka_consumer | Inserted 6 rows to ticks_db.
2025-08-28 19:38:08.943000+00:00| INFO | kafka_consumer | Inserted 2 rows to ticks_db.
2025-08-28 19:38:09.624000+00:00| INFO | kafka_consumer | Inserted 78 rows to ticks_db.
2025-08-28 19:38:10.630000+00:00| INFO | kafka_consumer | Inserted 11 rows to ticks_db.
2025-08-28 19:38:11.115000+00:00| INFO | monitoring | Inserted ticks monitoring data for 97 messages.
2025-08-28 19:38:11.822000+00:00| INFO | kafka_consumer | Inserted 1 rows to ticks_db.
2025-08-28 19:38:11.924000+00:00| INFO | monitoring | Completed a monitoring cycle.
2025-08-28 19:38:13.080000+00:00| INFO | kafka_consumer | Inserted 8 rows to ticks_db.
2025-08-28 19:38:15.220000+00:00| INFO | kafka_consumer | Inserted 38 rows to ticks_db.
2025-08-28 19:38:17.156000+00:00| INFO | kafka_consumer | Inserted 12 rows to ticks_db.
2025-08-28 19:38:17.550000+00:00| INFO | monitoring | Inserted ticks monitoring data for 47 messages.
2025-08-28 19:38:17.691000+00:00| INFO | monitoring | Completed a monitoring cycle.
2025-08-28 19:38:18.673000+00:00| INFO | kafka_consumer | Inserted 9 rows to ticks_db.
2025-08-28 19:38:22.656000+00:00| INFO | kafka_consumer | Inserted 4 rows to ticks_db.
2025-08-28 19:38:22.886000+00:00| INFO | monitoring | Completed a monitoring cycle.
2025-08-28 19:38:22.952000+00:00| INFO | monitoring | Inserted ticks monitoring data for 9 messages.
2025-08-28 19:38:23.681000+00:00| INFO | kafka_consumer | Inserted 3 rows to ticks_db.
2025-08-28 19:38:24.661000+00:00| INFO | kafka_consumer | Inserted 112 rows to ticks_db.
2025-08-28 19:38:25.631000+00:00| INFO | kafka_consumer | Inserted 20 rows to ticks_db.
2025-08-28 19:38:26.633000+00:00| INFO | kafka_consumer | Inserted 2 rows to ticks_db.
2025-08-28 19:38:27.652000+00:00| INFO | kafka_consumer | Inserted 3 rows to ticks_db.
2025-08-28 19:38:27.943000+00:00| INFO | monitoring | Completed a monitoring cycle.
2025-08-28 19:38:28.072000+00:00| INFO | monitoring | Inserted ticks monitoring data for 140 messages.
2025-08-28 19:38:28.645000+00:00| INFO | kafka_consumer | Inserted 26 rows to ticks_db.
2025-08-28 19:38:29.632000+00:00| INFO | kafka_consumer | Inserted 8 rows to ticks_db.
2025-08-28 19:38:30.705000+00:00| INFO | kafka_consumer | Inserted 5 rows to ticks_db.
2025-08-28 19:38:31.643000+00:00| INFO | kafka_consumer | Inserted 183 rows to ticks_db.
2025-08-28 19:38:32.637000+00:00| INFO | kafka_consumer | Inserted 7 rows to ticks_db.
2025-08-28 19:38:32.994000+00:00| INFO | monitoring | Completed a monitoring cycle.
2025-08-28 19:38:33.158000+00:00| INFO | monitoring | Inserted ticks monitoring data for 229 messages.
2025-08-28 19:38:33.638000+00:00| INFO | kafka_consumer | Inserted 6 rows to ticks_db.
2025-08-28 19:38:34.642000+00:00| INFO | kafka_consumer | Inserted 2 rows to ticks_db.
2025-08-28 19:38:35.667000+00:00| INFO | kafka_consumer | Inserted 2 rows to ticks_db.
2025-08-28 19:38:36.702000+00:00| INFO | kafka_consumer | Inserted 3 rows to ticks_db.
2025-08-28 19:38:37.646000+00:00| INFO | kafka_consumer | Inserted 118 rows to ticks_db.
2025-08-28 19:38:38.081000+00:00| INFO | monitoring | Completed a monitoring cycle.
2025-08-28 19:38:38.244000+00:00| INFO | monitoring | Inserted ticks monitoring data for 131 messages.
2025-08-28 19:38:38.655000+00:00| INFO | kafka_consumer | Inserted 5 rows to ticks_db.
2025-08-28 19:38:40.659000+00:00| INFO | kafka_consumer | Inserted 9 rows to ticks_db.
2025-08-28 19:38:42.676000+00:00| INFO | kafka_consumer | Inserted 7 rows to ticks_db.
2025-08-28 19:38:43.204000+00:00| INFO | monitoring | Completed a monitoring cycle.
2025-08-28 19:38:43.409000+00:00| INFO | monitoring | Inserted ticks monitoring data for 21 messages.
2025-08-28 19:38:43.673000+00:00| INFO | kafka_consumer | Inserted 43 rows to ticks_db.
2025-08-28 19:38:44.707000+00:00| INFO | kafka_consumer | Inserted 99 rows to ticks_db.
2025-08-28 19:38:45.698000+00:00| INFO | kafka_consumer | Inserted 137 rows to ticks_db.
2025-08-28 19:38:46.657000+00:00| INFO | kafka_consumer | Inserted 192 rows to ticks_db.
2025-08-28 19:38:47.653000+00:00| INFO | kafka_consumer | Inserted 18 rows to ticks_db.
2025-08-28 19:38:48.267000+00:00| INFO | monitoring | Completed a monitoring cycle.
2025-08-28 19:38:48.519000+00:00| INFO | monitoring | Inserted ticks monitoring data for 489 messages.
2025-08-28 19:38:48.665000+00:00| INFO | kafka_consumer | Inserted 3 rows to ticks_db.
2025-08-28 19:38:49.651000+00:00| INFO | kafka_consumer | Inserted 2 rows to ticks_db.
2025-08-28 19:38:50.679000+00:00| INFO | kafka_consumer | Inserted 2 rows to ticks_db.
2025-08-28 19:38:51.714000+00:00| INFO | kafka_consumer | Inserted 12 rows to ticks_db.
2025-08-28 19:38:52.742000+00:00| INFO | kafka_consumer | Inserted 42 rows to ticks_db.
2025-08-28 19:38:53.417000+00:00| INFO | monitoring | Completed a monitoring cycle.
2025-08-28 19:38:53.747000+00:00| INFO | kafka_consumer | Inserted 170 rows to ticks_db.
2025-08-28 19:38:53.779000+00:00| INFO | monitoring | Inserted ticks monitoring data for 61 messages.
2025-08-28 19:38:54.654000+00:00| INFO | kafka_consumer | Inserted 102 rows to ticks_db.
2025-08-28 19:38:55.660000+00:00| INFO | kafka_consumer | Inserted 4 rows to ticks_db.
2025-08-28 19:38:57.101000+00:00| INFO | kafka_consumer | Inserted 1 rows to ticks_db.
2025-08-28 19:38:57.707000+00:00| INFO | kafka_consumer | Inserted 78 rows to ticks_db.
2025-08-28 19:38:58.782000+00:00| INFO | monitoring | Completed a monitoring cycle.
2025-08-28 19:38:58.838000+00:00| INFO | kafka_consumer | Inserted 14 rows to ticks_db.
2025-08-28 19:38:59.219000+00:00| INFO | monitoring | Inserted ticks monitoring data for 185 messages.
2025-08-28 19:38:59.678000+00:00| INFO | kafka_consumer | Inserted 4 rows to ticks_db.
2025-08-28 19:39:00.755000+00:00| INFO | kafka_consumer | Inserted 1 rows to ticks_db.
2025-08-28 19:39:01.741000+00:00| INFO | kafka_consumer | Inserted 3 rows to ticks_db.
2025-08-28 19:39:02.790000+00:00| INFO | kafka_consumer | Inserted 3 rows to ticks_db.
2025-08-28 19:39:04.022000+00:00| INFO | monitoring | Completed a monitoring cycle.
2025-08-28 19:39:04.537000+00:00| INFO | monitoring | Inserted ticks monitoring data for 11 messages.
2025-08-28 19:39:04.680000+00:00| INFO | kafka_consumer | Inserted 74 rows to ticks_db.
2025-08-28 19:39:05.698000+00:00| INFO | kafka_consumer | Inserted 1 rows to ticks_db.
2025-08-28 19:39:06.681000+00:00| INFO | kafka_consumer | Inserted 7 rows to ticks_db.
2025-08-28 19:39:07.672000+00:00| INFO | kafka_consumer | Inserted 1 rows to ticks_db.
2025-08-28 19:39:09.095000+00:00| INFO | monitoring | Completed a monitoring cycle.
2025-08-28 19:39:09.636000+00:00| INFO | monitoring | Inserted ticks monitoring data for 83 messages.
2025-08-28 19:39:09.667000+00:00| INFO | kafka_consumer | Inserted 2 rows to ticks_db.
2025-08-28 19:39:10.763000+00:00| INFO | kafka_consumer | Inserted 1 rows to ticks_db.
2025-08-28 19:39:12.679000+00:00| INFO | kafka_consumer | Inserted 191 rows to ticks_db.
2025-08-28 19:39:13.707000+00:00| INFO | kafka_consumer | Inserted 4 rows to ticks_db.
2025-08-28 19:39:14.173000+00:00| INFO | monitoring | Completed a monitoring cycle.
2025-08-28 19:39:14.701000+00:00| INFO | kafka_consumer | Inserted 69 rows to ticks_db.
2025-08-28 19:39:14.750000+00:00| INFO | monitoring | Inserted ticks monitoring data for 198 messages.
2025-08-28 19:39:15.674000+00:00| INFO | kafka_consumer | Inserted 1 rows to ticks_db.
2025-08-28 19:39:16.697000+00:00| INFO | kafka_consumer | Inserted 3 rows to ticks_db.
2025-08-28 19:39:17.681000+00:00| INFO | kafka_consumer | Inserted 76 rows to ticks_db.
2025-08-28 19:39:19.236000+00:00| INFO | monitoring | Completed a monitoring cycle.
2025-08-28 19:39:19.676000+00:00| INFO | kafka_consumer | Inserted 3 rows to ticks_db.
2025-08-28 19:39:19.819000+00:00| INFO | monitoring | Inserted ticks monitoring data for 83 messages.
2025-08-28 19:39:20.673000+00:00| INFO | kafka_consumer | Inserted 2 rows to ticks_db.
2025-08-28 19:39:21.670000+00:00| INFO | kafka_consumer | Inserted 4 rows to ticks_db.
2025-08-28 19:39:22.671000+00:00| INFO | kafka_consumer | Inserted 1 rows to ticks_db.
2025-08-28 19:39:23.672000+00:00| INFO | kafka_consumer | Inserted 1 rows to ticks_db.
2025-08-28 19:39:24.282000+00:00| INFO | monitoring | Completed a monitoring cycle.
2025-08-28 19:39:24.671000+00:00| INFO | kafka_consumer | Inserted 1 rows to ticks_db.
2025-08-28 19:39:24.891000+00:00| INFO | monitoring | Inserted ticks monitoring data for 9 messages.
2025-08-28 19:39:25.698000+00:00| INFO | kafka_consumer | Inserted 3 rows to ticks_db.
2025-08-28 19:39:26.685000+00:00| INFO | kafka_consumer | Inserted 1 rows to ticks_db.
2025-08-28 19:39:27.693000+00:00| INFO | kafka_consumer | Inserted 7 rows to ticks_db.
2025-08-28 19:39:28.760000+00:00| INFO | kafka_consumer | Inserted 8 rows to ticks_db.
2025-08-28 19:39:29.016000+00:00| INFO | kafka_consumer | Inserted 300 rows to ticks_db.
2025-08-28 19:39:29.418000+00:00| INFO | monitoring | Completed a monitoring cycle.
2025-08-28 19:39:29.734000+00:00| INFO | kafka_consumer | Inserted 19 rows to ticks_db.
2025-08-28 19:39:30.126000+00:00| INFO | monitoring | Inserted ticks monitoring data for 338 messages.
2025-08-28 19:39:30.805000+00:00| INFO | kafka_consumer | Inserted 282 rows to ticks_db.
2025-08-28 19:39:31.755000+00:00| INFO | kafka_consumer | Inserted 71 rows to ticks_db.
2025-08-28 19:39:32.706000+00:00| INFO | kafka_consumer | Inserted 114 rows to ticks_db.
2025-08-28 19:39:33.726000+00:00| INFO | kafka_consumer | Inserted 24 rows to ticks_db.
2025-08-28 19:39:34.544000+00:00| INFO | monitoring | Completed a monitoring cycle.
2025-08-28 19:39:34.708000+00:00| INFO | kafka_consumer | Inserted 7 rows to ticks_db.
2025-08-28 19:39:35.439000+00:00| INFO | monitoring | Inserted ticks monitoring data for 498 messages.
2025-08-28 19:39:35.706000+00:00| INFO | kafka_consumer | Inserted 3 rows to ticks_db.
2025-08-28 19:39:37.814000+00:00| INFO | kafka_consumer | Inserted 2 rows to ticks_db.
2025-08-28 19:39:38.912000+00:00| INFO | kafka_consumer | Inserted 28 rows to ticks_db.
2025-08-28 19:39:39.892000+00:00| INFO | monitoring | Completed a monitoring cycle.
2025-08-28 19:39:39.953000+00:00| INFO | kafka_consumer | Inserted 250 rows to ticks_db.
2025-08-28 19:39:41.007000+00:00| INFO | kafka_consumer | Inserted 228 rows to ticks_db.
2025-08-28 19:39:41.495000+00:00| INFO | monitoring | Inserted ticks monitoring data for 283 messages.
2025-08-28 19:39:41.967000+00:00| INFO | kafka_consumer | Inserted 119 rows to ticks_db.
2025-08-28 19:39:42.804000+00:00| INFO | kafka_consumer | Inserted 7 rows to ticks_db.
2025-08-28 19:39:43.768000+00:00| INFO | kafka_consumer | Inserted 35 rows to ticks_db.
2025-08-28 19:39:45.397000+00:00| INFO | kafka_consumer | Inserted 4 rows to ticks_db.
2025-08-28 19:39:45.523000+00:00| INFO | monitoring | Completed a monitoring cycle.
2025-08-28 19:39:46.889000+00:00| INFO | kafka_consumer | Inserted 1 rows to ticks_db.
2025-08-28 19:39:47.492000+00:00| INFO | monitoring | Inserted ticks monitoring data for 165 messages.
2025-08-28 19:39:47.804000+00:00| INFO | kafka_consumer | Inserted 7 rows to ticks_db.
2025-08-28 19:39:48.922000+00:00| INFO | kafka_consumer | Inserted 13 rows to ticks_db.
2025-08-28 19:39:50.419000+00:00| INFO | kafka_consumer | Inserted 25 rows to ticks_db.
2025-08-28 19:39:51.179000+00:00| INFO | monitoring | Completed a monitoring cycle.
2025-08-28 19:39:51.722000+00:00| INFO | kafka_consumer | Inserted 5 rows to ticks_db.
2025-08-28 19:39:52.765000+00:00| INFO | monitoring | Inserted ticks monitoring data for 50 messages.
2025-08-28 19:39:52.792000+00:00| INFO | kafka_consumer | Inserted 5 rows to ticks_db.
2025-08-28 19:39:53.873000+00:00| INFO | kafka_consumer | Inserted 124 rows to ticks_db.
2025-08-28 19:39:53.977000+00:00| INFO | kafka_consumer | Inserted 300 rows to ticks_db.
2025-08-28 19:39:54.750000+00:00| INFO | kafka_consumer | Inserted 57 rows to ticks_db.
2025-08-28 19:39:55.737000+00:00| INFO | kafka_consumer | Inserted 56 rows to ticks_db.
2025-08-28 19:39:56.266000+00:00| INFO | monitoring | Completed a monitoring cycle.
2025-08-28 19:39:56.749000+00:00| INFO | kafka_consumer | Inserted 1 rows to ticks_db.
2025-08-28 19:39:57.742000+00:00| INFO | kafka_consumer | Inserted 38 rows to ticks_db.
2025-08-28 19:39:57.904000+00:00| INFO | monitoring | Inserted ticks monitoring data for 581 messages.
2025-08-28 19:39:58.749000+00:00| INFO | kafka_consumer | Inserted 7 rows to ticks_db.
2025-08-28 19:39:59.740000+00:00| INFO | kafka_consumer | Inserted 5 rows to ticks_db.
2025-08-28 19:40:00.744000+00:00| INFO | kafka_consumer | Inserted 1 rows to ticks_db.
2025-08-28 19:40:01.338000+00:00| INFO | monitoring | Completed a monitoring cycle.
2025-08-28 19:40:01.773000+00:00| INFO | kafka_consumer | Inserted 2 rows to ticks_db.
2025-08-28 19:40:02.797000+00:00| INFO | kafka_consumer | Inserted 1 rows to ticks_db.
2025-08-28 19:40:02.981000+00:00| INFO | monitoring | Inserted ticks monitoring data for 16 messages.
2025-08-28 19:40:03.816000+00:00| INFO | kafka_consumer | Inserted 1 rows to ticks_db.
2025-08-28 19:40:04.826000+00:00| INFO | kafka_consumer | Inserted 34 rows to ticks_db.
2025-08-28 19:40:05.789000+00:00| INFO | kafka_consumer | Inserted 62 rows to ticks_db.
2025-08-28 19:40:06.401000+00:00| INFO | monitoring | Completed a monitoring cycle.
2025-08-28 19:40:07.833000+00:00| INFO | kafka_consumer | Inserted 2 rows to ticks_db.
2025-08-28 19:40:08.060000+00:00| INFO | monitoring | Inserted ticks monitoring data for 99 messages.
2025-08-28 19:40:08.830000+00:00| INFO | kafka_consumer | Inserted 97 rows to ticks_db.
2025-08-28 19:40:09.800000+00:00| INFO | kafka_consumer | Inserted 63 rows to ticks_db.
2025-08-28 19:40:10.866000+00:00| INFO | kafka_consumer | Inserted 22 rows to ticks_db.
2025-08-28 19:40:11.475000+00:00| INFO | monitoring | Completed a monitoring cycle.
2025-08-28 19:40:11.847000+00:00| INFO | kafka_consumer | Inserted 274 rows to ticks_db.
2025-08-28 19:40:12.815000+00:00| INFO | kafka_consumer | Inserted 213 rows to ticks_db.
2025-08-28 19:40:13.228000+00:00| INFO | monitoring | Inserted ticks monitoring data for 669 messages.
2025-08-28 19:40:14.870000+00:00| INFO | kafka_consumer | Inserted 19 rows to ticks_db.
2025-08-28 19:40:15.880000+00:00| INFO | kafka_consumer | Inserted 53 rows to ticks_db.
2025-08-28 19:40:16.527000+00:00| INFO | monitoring | Completed a monitoring cycle.
2025-08-28 19:40:16.911000+00:00| INFO | kafka_consumer | Inserted 96 rows to ticks_db.
2025-08-28 19:40:17.897000+00:00| INFO | kafka_consumer | Inserted 138 rows to ticks_db.
2025-08-28 19:40:18.242000+00:00| ERROR | monitoring | Error inserting ticks monitoring data.
2025-08-28 19:40:18.879000+00:00| INFO | kafka_consumer | Inserted 65 rows to ticks_db.
2025-08-28 19:40:19.875000+00:00| INFO | kafka_consumer | Inserted 28 rows to ticks_db.
2025-08-28 19:40:20.894000+00:00| INFO | kafka_consumer | Inserted 3 rows to ticks_db.
2025-08-28 19:40:21.624000+00:00| INFO | monitoring | Completed a monitoring cycle.
2025-08-28 19:40:21.906000+00:00| INFO | kafka_consumer | Inserted 3 rows to ticks_db.
2025-08-28 19:40:22.935000+00:00| INFO | kafka_consumer | Inserted 1 rows to ticks_db.
2025-08-28 19:40:23.343000+00:00| INFO | monitoring | Inserted ticks monitoring data for 100 messages.
2025-08-28 19:40:23.921000+00:00| INFO | kafka_consumer | Inserted 99 rows to ticks_db.
2025-08-28 19:40:24.979000+00:00| INFO | kafka_consumer | Inserted 46 rows to ticks_db.
2025-08-28 19:40:25.984000+00:00| INFO | kafka_consumer | Inserted 33 rows to ticks_db.
2025-08-28 19:40:26.769000+00:00| INFO | monitoring | Completed a monitoring cycle.
2025-08-28 19:40:27.075000+00:00| INFO | kafka_consumer | Inserted 22 rows to ticks_db.
2025-08-28 19:40:28.112000+00:00| INFO | kafka_consumer | Inserted 60 rows to ticks_db.
2025-08-28 19:40:28.760000+00:00| INFO | monitoring | Inserted ticks monitoring data for 260 messages.
2025-08-28 19:40:29.126000+00:00| INFO | kafka_consumer | Inserted 172 rows to ticks_db.
2025-08-28 19:40:30.085000+00:00| INFO | kafka_consumer | Inserted 80 rows to ticks_db.
2025-08-28 19:40:31.136000+00:00| INFO | kafka_consumer | Inserted 54 rows to ticks_db.
2025-08-28 19:40:31.877000+00:00| INFO | monitoring | Completed a monitoring cycle.
2025-08-28 19:40:32.114000+00:00| INFO | kafka_consumer | Inserted 23 rows to ticks_db.
2025-08-28 19:40:33.145000+00:00| INFO | kafka_consumer | Inserted 1 rows to ticks_db.
2025-08-28 19:40:34.268000+00:00| INFO | kafka_consumer | Inserted 47 rows to ticks_db.
2025-08-28 19:40:34.393000+00:00| INFO | monitoring | Inserted ticks monitoring data for 330 messages.
2025-08-28 19:40:34.529000+00:00| INFO | kafka_consumer | Inserted 300 rows to ticks_db.
2025-08-28 19:40:35.215000+00:00| INFO | kafka_consumer | Inserted 8 rows to ticks_db.
2025-08-28 19:40:36.286000+00:00| INFO | kafka_consumer | Inserted 255 rows to ticks_db.
2025-08-28 19:40:36.982000+00:00| INFO | monitoring | Completed a monitoring cycle.
2025-08-28 19:40:37.184000+00:00| INFO | kafka_consumer | Inserted 19 rows to ticks_db.
2025-08-28 19:40:38.185000+00:00| INFO | kafka_consumer | Inserted 2 rows to ticks_db.
2025-08-28 19:40:39.180000+00:00| INFO | kafka_consumer | Inserted 3 rows to ticks_db.
2025-08-28 19:40:39.647000+00:00| INFO | monitoring | Inserted ticks monitoring data for 587 messages.
2025-08-28 19:40:40.179000+00:00| INFO | kafka_consumer | Inserted 3 rows to ticks_db.
2025-08-28 19:40:41.226000+00:00| INFO | kafka_consumer | Inserted 1 rows to ticks_db.
2025-08-28 19:40:42.031000+00:00| INFO | monitoring | Completed a monitoring cycle.
2025-08-28 19:40:42.189000+00:00| INFO | kafka_consumer | Inserted 89 rows to ticks_db.
2025-08-28 19:40:43.260000+00:00| INFO | kafka_consumer | Inserted 19 rows to ticks_db.
2025-08-28 19:40:44.212000+00:00| INFO | kafka_consumer | Inserted 14 rows to ticks_db.
2025-08-28 19:40:44.835000+00:00| INFO | monitoring | Inserted ticks monitoring data for 126 messages.
2025-08-28 19:40:45.264000+00:00| INFO | kafka_consumer | Inserted 29 rows to ticks_db.
2025-08-28 19:40:46.241000+00:00| INFO | kafka_consumer | Inserted 10 rows to ticks_db.
2025-08-28 19:40:47.086000+00:00| INFO | monitoring | Completed a monitoring cycle.
2025-08-28 19:40:48.223000+00:00| INFO | kafka_consumer | Inserted 43 rows to ticks_db.
2025-08-28 19:40:49.227000+00:00| INFO | kafka_consumer | Inserted 1 rows to ticks_db.
2025-08-28 19:40:49.976000+00:00| INFO | monitoring | Inserted ticks monitoring data for 83 messages.
2025-08-28 19:40:50.274000+00:00| INFO | kafka_consumer | Inserted 7 rows to ticks_db.
2025-08-28 19:40:51.252000+00:00| INFO | kafka_consumer | Inserted 81 rows to ticks_db.
2025-08-28 19:40:52.231000+00:00| INFO | monitoring | Completed a monitoring cycle.
2025-08-28 19:40:52.311000+00:00| INFO | kafka_consumer | Inserted 54 rows to ticks_db.
2025-08-28 19:40:53.250000+00:00| INFO | kafka_consumer | Inserted 104 rows to ticks_db.
2025-08-28 19:40:54.256000+00:00| INFO | kafka_consumer | Inserted 31 rows to ticks_db.
2025-08-28 19:40:55.163000+00:00| INFO | monitoring | Inserted ticks monitoring data for 277 messages.
2025-08-28 19:40:55.244000+00:00| INFO | kafka_consumer | Inserted 19 rows to ticks_db.
2025-08-28 19:40:56.270000+00:00| INFO | kafka_consumer | Inserted 1 rows to ticks_db.
2025-08-28 19:40:57.269000+00:00| INFO | kafka_consumer | Inserted 1 rows to ticks_db.
2025-08-28 19:40:57.315000+00:00| INFO | monitoring | Completed a monitoring cycle.
2025-08-28 19:40:58.287000+00:00| INFO | kafka_consumer | Inserted 4 rows to ticks_db.
2025-08-28 19:40:59.676000+00:00| INFO | kafka_consumer | Inserted 2 rows to ticks_db.
2025-08-28 19:41:00.837000+00:00| INFO | kafka_consumer | Inserted 5 rows to ticks_db.
2025-08-28 19:41:01.753000+00:00| INFO | kafka_consumer | Inserted 35 rows to ticks_db.
2025-08-28 19:41:04.745000+00:00| INFO | kafka_consumer | Inserted 41 rows to ticks_db.
2025-08-28 19:41:04.757000+00:00| INFO | monitoring | Inserted ticks monitoring data for 27 messages.
2025-08-28 19:41:05.892000+00:00| INFO | kafka_consumer | Inserted 141 rows to ticks_db.
2025-08-28 19:41:09.342000+00:00| INFO | monitoring | Completed a monitoring cycle.
2025-08-28 19:41:09.349000+00:00| INFO | kafka_consumer | Inserted 93 rows to ticks_db.
2025-08-28 19:41:23.354000+00:00| INFO | kafka_consumer | Inserted 99 rows to ticks_db.
2025-08-28 19:44:02.364000+00:00| WARNING | kafka.client | <BrokerConnection client_id=kafka-python-producer-1, node_id=1 host=159.65.41.22:9092 <connected> [IPv4 ('159.65.41.22', 9092)]> timed out after 2000.0 ms. Closing connection.
2025-08-28 19:44:02.943000+00:00| ERROR | kafka.conn | <BrokerConnection client_id=kafka-python-producer-1, node_id=1 host=159.65.41.22:9092 <connected> [IPv4 ('159.65.41.22', 9092)]>: Closing connection. [Error 7] RequestTimedOutError: Request timed out after 2000.0 ms
2025-08-28 19:44:03.572000+00:00| WARNING | kafka.client | Node 1 connection failed -- refreshing metadata
2025-08-28 19:44:03.902000+00:00| ERROR | kafka.producer.sender | <Sender client_id=kafka-python-producer-1 transactional_id=None>: Error sending produce request to node 1: [Error 7] RequestTimedOutError: Request timed out after 2000.0 ms
2025-08-28 19:44:04.199000+00:00| WARNING | kafka.producer.sender | <Sender client_id=kafka-python-producer-1 transactional_id=None>: Got error produce response on topic-partition TopicPartition(topic='price_ticks', partition=0), retrying (0 attempts left). Error: [Error 7] RequestTimedOutError: Request timed out after 2000.0 ms
2025-08-28 19:44:04.444000+00:00| ERROR | kafka.producer.sender | <Sender client_id=kafka-python-producer-1 transactional_id=None>: Error sending produce request to node 1: [Error 7] RequestTimedOutError: Request timed out after 2000.0 ms
2025-08-28 19:44:04.587000+00:00| WARNING | kafka.producer.sender | <Sender client_id=kafka-python-producer-1 transactional_id=None>: Got error produce response on topic-partition TopicPartition(topic='price_ticks', partition=0), retrying (0 attempts left). Error: [Error 7] RequestTimedOutError: Request timed out after 2000.0 ms
2025-08-28 19:44:04.587000+00:00| ERROR | kafka.producer.sender | <Sender client_id=kafka-python-producer-1 transactional_id=None>: Error sending produce request to node 1: [Error 7] RequestTimedOutError: Request timed out after 2000.0 ms
2025-08-28 19:44:04.588000+00:00| WARNING | kafka.producer.sender | <Sender client_id=kafka-python-producer-1 transactional_id=None>: Got error produce response on topic-partition TopicPartition(topic='price_ticks', partition=0), retrying (0 attempts left). Error: [Error 7] RequestTimedOutError: Request timed out after 2000.0 ms
2025-08-28 19:44:04.625000+00:00| INFO | kafka.conn | <BrokerConnection client_id=kafka-python-producer-1, node_id=1 host=159.65.41.22:9092 <connecting> [IPv4 ('159.65.41.22', 9092)]>: connecting to 159.65.41.22:9092 [('159.65.41.22', 9092) IPv4]
2025-08-28 19:44:04.645000+00:00| INFO | kafka.conn | <BrokerConnection client_id=kafka-python-producer-1, node_id=1 host=159.65.41.22:9092 <connected> [IPv4 ('159.65.41.22', 9092)]>: Connection complete.
2025-08-28 19:46:14+00:00| INFO | kafka_consumer | Inserted 43 rows to ticks_db.
2025-08-28 19:46:22.311000+00:00| INFO | kafka_consumer | Inserted 300 rows to ticks_db.
2025-08-28 19:46:22.322000+00:00| INFO | monitoring | Inserted ticks monitoring data for 234 messages.
2025-08-28 19:46:24.113000+00:00| INFO | kafka_consumer | Inserted 300 rows to ticks_db.
2025-08-28 19:46:24.643000+00:00| INFO | monitoring | Completed a monitoring cycle.
2025-08-28 19:46:24.726000+00:00| INFO | kafka_consumer | Inserted 300 rows to ticks_db.
2025-08-28 19:46:27.938000+00:00| INFO | kafka_consumer | Inserted 300 rows to ticks_db.
2025-08-28 19:46:28.820000+00:00| INFO | kafka_consumer | Inserted 300 rows to ticks_db.
2025-08-28 19:46:29.460000+00:00| INFO | kafka_consumer | Inserted 300 rows to ticks_db.
2025-08-28 19:46:29.869000+00:00| INFO | kafka_consumer | Inserted 300 rows to ticks_db.
2025-08-28 19:46:30.193000+00:00| INFO | monitoring | Inserted ticks monitoring data for 600 messages.
2025-08-28 19:46:30.586000+00:00| INFO | kafka_consumer | Inserted 300 rows to ticks_db.
2025-08-28 19:46:31.060000+00:00| INFO | kafka_consumer | Inserted 300 rows to ticks_db.
2025-08-28 19:46:31.082000+00:00| INFO | monitoring | Completed a monitoring cycle.
2025-08-28 19:46:31.361000+00:00| INFO | kafka_consumer | Inserted 300 rows to ticks_db.
2025-08-28 19:46:31.842000+00:00| INFO | kafka_consumer | Inserted 300 rows to ticks_db.
2025-08-28 19:46:32.107000+00:00| INFO | kafka_consumer | Inserted 300 rows to ticks_db.
2025-08-28 19:46:32.427000+00:00| INFO | kafka_consumer | Inserted 300 rows to ticks_db.
2025-08-28 19:46:32.819000+00:00| INFO | kafka_consumer | Inserted 300 rows to ticks_db.
2025-08-28 19:46:32.872000+00:00| INFO | kafka_consumer | Inserted 300 rows to ticks_db.
2025-08-28 19:46:33.228000+00:00| INFO | kafka_consumer | Inserted 300 rows to ticks_db.
2025-08-28 19:46:33.315000+00:00| INFO | kafka_consumer | Inserted 300 rows to ticks_db.
2025-08-28 19:46:33.517000+00:00| INFO | kafka_consumer | Inserted 300 rows to ticks_db.
2025-08-28 19:46:33.780000+00:00| INFO | kafka_consumer | Inserted 300 rows to ticks_db.
2025-08-28 19:46:33.857000+00:00| INFO | kafka_consumer | Inserted 300 rows to ticks_db.
2025-08-28 19:46:34.134000+00:00| INFO | kafka_consumer | Inserted 300 rows to ticks_db.
2025-08-28 19:46:34.321000+00:00| INFO | kafka_consumer | Inserted 300 rows to ticks_db.
2025-08-28 19:46:34.433000+00:00| INFO | kafka_consumer | Inserted 300 rows to ticks_db.
2025-08-28 19:46:34.850000+00:00| INFO | kafka_consumer | Inserted 300 rows to ticks_db.
2025-08-28 19:46:34.938000+00:00| INFO | kafka_consumer | Inserted 300 rows to ticks_db.
2025-08-28 19:46:35.308000+00:00| INFO | kafka_consumer | Inserted 300 rows to ticks_db.
2025-08-28 19:46:35.636000+00:00| INFO | kafka_consumer | Inserted 300 rows to ticks_db.
2025-08-28 19:46:35.791000+00:00| INFO | kafka_consumer | Inserted 300 rows to ticks_db.
2025-08-28 19:46:36.920000+00:00| INFO | kafka_consumer | Inserted 145 rows to ticks_db.
2025-08-28 19:46:37.084000+00:00| INFO | kafka_consumer | Inserted 300 rows to ticks_db.
2025-08-28 19:46:37.276000+00:00| INFO | monitoring | Completed a monitoring cycle.
2025-08-28 19:46:37.391000+00:00| INFO | kafka_consumer | Inserted 300 rows to ticks_db.
2025-08-28 19:46:37.402000+00:00| INFO | monitoring | Inserted ticks monitoring data for 5400 messages.
2025-08-28 19:46:37.586000+00:00| INFO | kafka_consumer | Inserted 300 rows to ticks_db.
2025-08-28 19:46:37.865000+00:00| INFO | kafka_consumer | Inserted 300 rows to ticks_db.
2025-08-28 19:46:38.127000+00:00| INFO | kafka_consumer | Inserted 300 rows to ticks_db.
2025-08-28 19:46:38.199000+00:00| INFO | kafka_consumer | Inserted 300 rows to ticks_db.
2025-08-28 19:46:38.521000+00:00| INFO | kafka_consumer | Inserted 300 rows to ticks_db.
2025-08-28 19:46:38.623000+00:00| INFO | kafka_consumer | Inserted 300 rows to ticks_db.
2025-08-28 19:46:38.843000+00:00| INFO | kafka_consumer | Inserted 300 rows to ticks_db.
2025-08-28 19:46:38.889000+00:00| INFO | kafka_consumer | Inserted 300 rows to ticks_db.
2025-08-28 19:46:39.096000+00:00| INFO | kafka_consumer | Inserted 300 rows to ticks_db.
2025-08-28 19:46:39.230000+00:00| INFO | kafka_consumer | Inserted 300 rows to ticks_db.
2025-08-28 19:46:39.298000+00:00| INFO | kafka_consumer | Inserted 300 rows to ticks_db.
2025-08-28 19:46:39.480000+00:00| INFO | kafka_consumer | Inserted 300 rows to ticks_db.
2025-08-28 19:46:39.510000+00:00| INFO | kafka_consumer | Inserted 300 rows to ticks_db.
2025-08-28 19:46:39.711000+00:00| INFO | kafka_consumer | Inserted 300 rows to ticks_db.
2025-08-28 19:46:39.883000+00:00| INFO | kafka_consumer | Inserted 300 rows to ticks_db.
2025-08-28 19:46:39.917000+00:00| INFO | kafka_consumer | Inserted 300 rows to ticks_db.
2025-08-28 19:46:40.183000+00:00| INFO | kafka_consumer | Inserted 300 rows to ticks_db.
2025-08-28 19:46:40.293000+00:00| INFO | kafka_consumer | Inserted 300 rows to ticks_db.
2025-08-28 19:46:40.581000+00:00| INFO | kafka_consumer | Inserted 300 rows to ticks_db.
2025-08-28 19:46:40.896000+00:00| INFO | kafka_consumer | Inserted 300 rows to ticks_db.
2025-08-28 19:46:40.951000+00:00| INFO | kafka_consumer | Inserted 300 rows to ticks_db.
2025-08-28 19:46:41.208000+00:00| INFO | kafka_consumer | Inserted 300 rows to ticks_db.
2025-08-28 19:46:41.380000+00:00| INFO | kafka_consumer | Inserted 300 rows to ticks_db.
2025-08-28 19:46:41.680000+00:00| INFO | kafka_consumer | Inserted 300 rows to ticks_db.
2025-08-28 19:46:41.877000+00:00| INFO | kafka_consumer | Inserted 300 rows to ticks_db.
2025-08-28 19:46:41.928000+00:00| INFO | kafka_consumer | Inserted 300 rows to ticks_db.
2025-08-28 19:46:42.177000+00:00| INFO | kafka_consumer | Inserted 300 rows to ticks_db.
2025-08-28 19:46:42.208000+00:00| INFO | kafka_consumer | Inserted 300 rows to ticks_db.
2025-08-28 19:46:42.672000+00:00| INFO | kafka_consumer | Inserted 300 rows to ticks_db.
2025-08-28 19:46:42.917000+00:00| INFO | kafka_consumer | Inserted 300 rows to ticks_db.
2025-08-28 19:46:43.339000+00:00| INFO | kafka_consumer | Inserted 300 rows to ticks_db.
2025-08-28 19:46:43.463000+00:00| INFO | monitoring | Completed a monitoring cycle.
2025-08-28 19:46:43.698000+00:00| INFO | kafka_consumer | Inserted 300 rows to ticks_db.
2025-08-28 19:46:43.912000+00:00| INFO | monitoring | Inserted ticks monitoring data for 8400 messages.
2025-08-28 19:46:43.957000+00:00| INFO | kafka_consumer | Inserted 300 rows to ticks_db.
2025-08-28 19:46:44.172000+00:00| INFO | kafka_consumer | Inserted 300 rows to ticks_db.
2025-08-28 19:46:44.546000+00:00| INFO | kafka_consumer | Inserted 300 rows to ticks_db.
2025-08-28 19:46:44.662000+00:00| INFO | kafka_consumer | Inserted 300 rows to ticks_db.
2025-08-28 19:46:44.893000+00:00| INFO | kafka_consumer | Inserted 300 rows to ticks_db.
2025-08-28 19:46:44.938000+00:00| INFO | kafka_consumer | Inserted 300 rows to ticks_db.
2025-08-28 19:46:45.162000+00:00| INFO | kafka_consumer | Inserted 300 rows to ticks_db.
2025-08-28 19:46:45.349000+00:00| INFO | kafka_consumer | Inserted 300 rows to ticks_db.
2025-08-28 19:46:45.375000+00:00| INFO | kafka_consumer | Inserted 300 rows to ticks_db.
2025-08-28 19:46:45.674000+00:00| ERROR | kafka_consumer | Consumer parse/insert error
2025-08-28 19:46:45.841000+00:00| INFO | kafka_consumer | Inserted 301 rows to ticks_db.
2025-08-28 19:46:45.964000+00:00| INFO | kafka_consumer | Inserted 300 rows to ticks_db.
2025-08-28 19:46:46.756000+00:00| INFO | kafka_consumer | Inserted 95 rows to ticks_db.
2025-08-28 19:46:47.789000+00:00| INFO | kafka_consumer | Inserted 157 rows to ticks_db.
2025-08-28 19:46:48.815000+00:00| INFO | kafka_consumer | Inserted 253 rows to ticks_db.
2025-08-28 19:46:48.899000+00:00| INFO | monitoring | Completed a monitoring cycle.
2025-08-28 19:46:49.964000+00:00| INFO | kafka_consumer | Inserted 112 rows to ticks_db.
2025-08-28 19:46:50.056000+00:00| INFO | monitoring | Inserted ticks monitoring data for 3506 messages.
2025-08-28 19:46:50.799000+00:00| INFO | kafka_consumer | Inserted 4 rows to ticks_db.
2025-08-28 19:46:51.988000+00:00| INFO | kafka_consumer | Inserted 19 rows to ticks_db.
2025-08-28 19:46:53.285000+00:00| INFO | kafka_consumer | Inserted 63 rows to ticks_db.
2025-08-28 19:46:53.972000+00:00| INFO | kafka_consumer | Inserted 141 rows to ticks_db.
2025-08-28 19:46:54.692000+00:00| INFO | monitoring | Completed a monitoring cycle.
2025-08-28 19:46:54.979000+00:00| INFO | kafka_consumer | Inserted 5 rows to ticks_db.
2025-08-28 19:46:55.524000+00:00| ERROR | monitoring | Error inserting ticks monitoring data.
2025-08-28 19:46:56.578000+00:00| INFO | kafka_consumer | Inserted 17 rows to ticks_db.
2025-08-28 19:46:57.543000+00:00| INFO | kafka_consumer | Inserted 161 rows to ticks_db.
2025-08-28 19:46:59.300000+00:00| INFO | kafka_consumer | Inserted 66 rows to ticks_db.
2025-08-28 19:47:00.489000+00:00| INFO | kafka_consumer | Inserted 5 rows to ticks_db.
2025-08-28 19:47:03.045000+00:00| ERROR | monitoring | Error inserting ticks monitoring data.
2025-08-28 19:47:03.741000+00:00| INFO | kafka_consumer | Inserted 40 rows to ticks_db.
2025-08-28 19:47:04.546000+00:00| INFO | monitoring | Completed a monitoring cycle.
2025-08-28 19:47:06.342000+00:00| INFO | kafka_consumer | Inserted 161 rows to ticks_db.
2025-08-28 19:47:07.817000+00:00| INFO | kafka_consumer | Inserted 6 rows to ticks_db.
2025-08-28 19:47:08.966000+00:00| INFO | monitoring | Inserted ticks monitoring data for 167 messages.
2025-08-28 19:47:09.217000+00:00| INFO | kafka_consumer | Inserted 148 rows to ticks_db.
2025-08-28 19:47:09.904000+00:00| INFO | monitoring | Completed a monitoring cycle.
2025-08-28 19:47:10.081000+00:00| INFO | kafka_consumer | Inserted 116 rows to ticks_db.
2025-08-28 19:47:11.592000+00:00| INFO | kafka_consumer | Inserted 1 rows to ticks_db.
2025-08-28 19:47:12.374000+00:00| INFO | kafka_consumer | Inserted 18 rows to ticks_db.
2025-08-28 19:47:13.163000+00:00| INFO | kafka_consumer | Inserted 24 rows to ticks_db.
2025-08-28 19:47:14.538000+00:00| INFO | kafka_consumer | Inserted 9 rows to ticks_db.
2025-08-28 19:47:14.779000+00:00| INFO | monitoring | Inserted ticks monitoring data for 307 messages.
2025-08-28 19:47:16.715000+00:00| INFO | kafka_consumer | Inserted 4 rows to ticks_db.
2025-08-28 19:47:18.472000+00:00| INFO | kafka_consumer | Inserted 5 rows to ticks_db.
2025-08-28 19:47:19.066000+00:00| INFO | monitoring | Completed a monitoring cycle.
2025-08-28 19:47:20.612000+00:00| INFO | kafka_consumer | Inserted 207 rows to ticks_db.
2025-08-28 19:47:22.178000+00:00| INFO | kafka_consumer | Inserted 60 rows to ticks_db.
2025-08-28 19:47:23.306000+00:00| INFO | kafka_consumer | Inserted 74 rows to ticks_db.
2025-08-28 19:47:23.459000+00:00| INFO | monitoring | Inserted ticks monitoring data for 9 messages.
2025-08-28 19:47:24.149000+00:00| INFO | kafka_consumer | Inserted 1 rows to ticks_db.
2025-08-28 19:47:24.451000+00:00| INFO | monitoring | Completed a monitoring cycle.
2025-08-28 19:47:25.323000+00:00| INFO | kafka_consumer | Inserted 6 rows to ticks_db.
2025-08-28 19:47:26.756000+00:00| INFO | kafka_consumer | Inserted 6 rows to ticks_db.
2025-08-28 19:47:28.594000+00:00| INFO | kafka_consumer | Inserted 59 rows to ticks_db.
2025-08-28 19:47:29.035000+00:00| INFO | monitoring | Inserted ticks monitoring data for 13 messages.
2025-08-28 19:47:29.613000+00:00| INFO | monitoring | Completed a monitoring cycle.
2025-08-28 19:47:30.217000+00:00| INFO | kafka_consumer | Inserted 9 rows to ticks_db.
2025-08-28 19:47:31.215000+00:00| INFO | kafka_consumer | Inserted 5 rows to ticks_db.
2025-08-28 19:47:32.186000+00:00| INFO | kafka_consumer | Inserted 1 rows to ticks_db.
2025-08-28 19:47:33.128000+00:00| INFO | kafka_consumer | Inserted 3 rows to ticks_db.
2025-08-28 19:47:34.121000+00:00| INFO | kafka_consumer | Inserted 4 rows to ticks_db.
2025-08-28 19:47:34.482000+00:00| INFO | monitoring | Inserted ticks monitoring data for 18 messages.
2025-08-28 19:47:34.956000+00:00| INFO | monitoring | Completed a monitoring cycle.
2025-08-28 19:47:35.245000+00:00| INFO | kafka_consumer | Inserted 7 rows to ticks_db.
2025-08-28 19:47:36.159000+00:00| INFO | kafka_consumer | Inserted 2 rows to ticks_db.
2025-08-28 19:47:37.851000+00:00| INFO | kafka_consumer | Inserted 1 rows to ticks_db.
2025-08-28 19:47:38.481000+00:00| INFO | kafka_consumer | Inserted 83 rows to ticks_db.
2025-08-28 19:47:39.238000+00:00| INFO | cloud_migration | Written Parquet files: parquet_data/ticks.parquet and parquet_data/ticks_20250828_194736.parquet
2025-08-28 19:47:39.278000+00:00| INFO | kafka_consumer | Inserted 106 rows to ticks_db.
2025-08-28 19:47:40.311000+00:00| INFO | cloud_migration | Written Parquet files: parquet_data/ws_diagnostics.parquet and parquet_data/ws_diagnostics_20250828_194736.parquet
2025-08-28 19:47:40.663000+00:00| INFO | kafka_consumer | Inserted 3 rows to ticks_db.
2025-08-28 19:47:41.528000+00:00| INFO | kafka_consumer | Inserted 3 rows to ticks_db.
2025-08-28 19:47:41.551000+00:00| INFO | cloud_migration | Written Parquet files: parquet_data/proc_diagnostics.parquet and parquet_data/proc_diagnostics_20250828_194736.parquet
2025-08-28 19:47:41.837000+00:00| INFO | monitoring | Inserted ticks monitoring data for 199 messages.
2025-08-28 19:47:41.891000+00:00| INFO | monitoring | Completed a monitoring cycle.
2025-08-28 19:47:42.253000+00:00| INFO | cloud_migration | Written Parquet files: parquet_data/monitoring.parquet and parquet_data/monitoring_20250828_194736.parquet
2025-08-28 19:47:42.464000+00:00| INFO | cloud_migration | Written Parquet files: parquet_data/uptime.parquet and parquet_data/uptime_20250828_194736.parquet
2025-08-28 19:47:42.449000+00:00| INFO | kafka_consumer | Inserted 160 rows to ticks_db.
2025-08-28 19:47:42,671 | INFO | cloud_migration | Uploaded parquet_data/proc_diagnostics_20250828_194736.parquet to S3 at archived_data/proc_diagnostics_20250828_194736.parquet
2025-08-28 19:47:42,672 | INFO | cloud_migration | Uploaded parquet_data/ticks_20250828_194736.parquet to S3 at archived_data/ticks_20250828_194736.parquet
2025-08-28 19:47:42,681 | INFO | cloud_migration | Uploaded parquet_data/uptime_20250828_194736.parquet to S3 at archived_data/uptime_20250828_194736.parquet
2025-08-28 19:47:42,682 | INFO | cloud_migration | Uploaded parquet_data/monitoring_20250828_194736.parquet to S3 at archived_data/monitoring_20250828_194736.parquet
2025-08-28 19:47:42,682 | INFO | cloud_migration | Uploaded parquet_data/ws_diagnostics_20250828_194736.parquet to S3 at archived_data/ws_diagnostics_20250828_194736.parquet
2025-08-28 19:47:43,236 | INFO | kafka_consumer | Inserted 16 rows to ticks_db.
2025-08-28 19:47:44,242 | INFO | kafka_consumer | Inserted 7 rows to ticks_db.
2025-08-28 19:47:45,577 | INFO | kafka_consumer | Inserted 3 rows to ticks_db.
2025-08-28 19:47:47,514 | INFO | kafka_consumer | Inserted 4 rows to ticks_db.
2025-08-28 19:47:47,709 | INFO | monitoring | Completed a monitoring cycle.
2025-08-28 19:47:47,807 | INFO | monitoring | Inserted ticks monitoring data for 186 messages.
2025-08-28 19:47:48,302 | INFO | kafka_consumer | Inserted 41 rows to ticks_db.
2025-08-28 19:47:49,417 | ERROR | kafka_consumer | Consumer parse/insert error
Traceback (most recent call last):
  File "/app/kafka_consumer.py", line 63, in start_consumer
    ch_client.insert(
  File "/usr/local/lib/python3.10/site-packages/clickhouse_connect/driver/client.py", line 664, in insert
    context = self.create_insert_context(table,
  File "/usr/local/lib/python3.10/site-packages/clickhouse_connect/driver/client.py", line 773, in create_insert_context
    describe_result = self.query(f'DESCRIBE TABLE {full_table}')
  File "/usr/local/lib/python3.10/site-packages/clickhouse_connect/driver/client.py", line 237, in query
    return self._query_with_context(query_context)
  File "/usr/local/lib/python3.10/site-packages/clickhouse_connect/driver/httpclient.py", line 243, in _query_with_context
    response = self._raw_request(body,
  File "/usr/local/lib/python3.10/site-packages/clickhouse_connect/driver/httpclient.py", line 481, in _raw_request
    self._error_handler(response)
  File "/usr/local/lib/python3.10/site-packages/clickhouse_connect/driver/httpclient.py", line 402, in _error_handler
    raise OperationalError(err_str) if retried else DatabaseError(err_str) from None
clickhouse_connect.driver.exceptions.DatabaseError: HTTPDriver for http://clickhouse:8123 received ClickHouse error code 241
 Code: 241. DB::Exception: (total) memory limit exceeded: would use 3.44 GiB (attempt to allocate chunk of 4.00 MiB bytes), current RSS: 550.46 MiB, maximum: 3.44 GiB. (MEMORY_LIMIT_EXCEEDED) (version 25.7.4.11 (official build))

2025-08-28 19:47:49,595 | INFO | kafka_consumer | Inserted 108 rows to ticks_db.
2025-08-28 19:47:50,460 | INFO | kafka_consumer | Inserted 14 rows to ticks_db.
2025-08-28 19:47:51,461 | INFO | kafka_consumer | Inserted 3 rows to ticks_db.
2025-08-28 19:47:53,236 | INFO | kafka_consumer | Inserted 6 rows to ticks_db.
2025-08-28 19:47:53,569 | INFO | monitoring | Completed a monitoring cycle.
2025-08-28 19:47:53,808 | INFO | monitoring | Inserted ticks monitoring data for 166 messages.
2025-08-28 19:47:54,969 | INFO | kafka_consumer | Inserted 193 rows to ticks_db.
2025-08-28 19:47:56,650 | INFO | kafka_consumer | Inserted 128 rows to ticks_db.
2025-08-28 19:47:57,477 | INFO | kafka_consumer | Inserted 1 rows to ticks_db.
2025-08-28 19:47:58,447 | INFO | kafka_consumer | Inserted 9 rows to ticks_db.
2025-08-28 19:47:59,063 | INFO | monitoring | Completed a monitoring cycle.
2025-08-28 19:48:01,746 | INFO | kafka_consumer | Inserted 4 rows to ticks_db.
2025-08-28 19:48:02,167 | INFO | monitoring | Inserted ticks monitoring data for 331 messages.
2025-08-28 19:48:02,515 | INFO | kafka_consumer | Inserted 184 rows to ticks_db.
2025-08-28 19:48:03,815 | INFO | kafka_consumer | Inserted 15 rows to ticks_db.
2025-08-28 19:48:04,920 | INFO | kafka_consumer | Inserted 46 rows to ticks_db.
2025-08-28 19:48:05,175 | INFO | monitoring | Completed a monitoring cycle.
2025-08-28 19:48:05,702 | INFO | kafka_consumer | Inserted 3 rows to ticks_db.
2025-08-28 19:48:07,099 | INFO | kafka_consumer | Inserted 4 rows to ticks_db.
2025-08-28 19:48:07,877 | INFO | monitoring | Inserted ticks monitoring data for 252 messages.
2025-08-28 19:48:08,570 | INFO | kafka_consumer | Inserted 159 rows to ticks_db.
2025-08-28 19:48:09,952 | INFO | kafka_consumer | Inserted 36 rows to ticks_db.
2025-08-28 19:48:10,669 | INFO | kafka_consumer | Inserted 3 rows to ticks_db.
2025-08-28 19:48:10,740 | INFO | monitoring | Completed a monitoring cycle.
2025-08-28 19:48:11,918 | INFO | kafka_consumer | Inserted 6 rows to ticks_db.
2025-08-28 19:48:12,772 | INFO | kafka_consumer | Inserted 3 rows to ticks_db.
2025-08-28 19:48:13,493 | INFO | kafka_consumer | Inserted 5 rows to ticks_db.
2025-08-28 19:48:13,683 | INFO | monitoring | Inserted ticks monitoring data for 207 messages.
2025-08-28 19:48:14,941 | INFO | kafka_consumer | Inserted 4 rows to ticks_db.
2025-08-28 19:48:16,221 | INFO | kafka_consumer | Inserted 10 rows to ticks_db.
2025-08-28 19:48:16,338 | INFO | monitoring | Completed a monitoring cycle.
2025-08-28 19:48:17,924 | INFO | kafka_consumer | Inserted 5 rows to ticks_db.
2025-08-28 19:48:18,860 | INFO | kafka_consumer | Inserted 11 rows to ticks_db.
2025-08-28 19:48:19,912 | INFO | kafka_consumer | Inserted 168 rows to ticks_db.
2025-08-28 19:48:20,151 | INFO | monitoring | Inserted ticks monitoring data for 19 messages.
2025-08-28 19:48:20,607 | INFO | kafka_consumer | Inserted 280 rows to ticks_db.
2025-08-28 19:48:21,620 | INFO | kafka_consumer | Inserted 49 rows to ticks_db.
2025-08-28 19:48:21,709 | INFO | monitoring | Completed a monitoring cycle.
2025-08-28 19:48:23,045 | INFO | kafka_consumer | Inserted 5 rows to ticks_db.
2025-08-28 19:48:24,809 | INFO | kafka_consumer | Inserted 46 rows to ticks_db.
2025-08-28 19:48:25,662 | INFO | monitoring | Inserted ticks monitoring data for 380 messages.
2025-08-28 19:48:25,680 | INFO | kafka_consumer | Inserted 8 rows to ticks_db.
2025-08-28 19:48:26,582 | INFO | kafka_consumer | Inserted 2 rows to ticks_db.
2025-08-28 19:48:26,960 | INFO | monitoring | Completed a monitoring cycle.
2025-08-28 19:48:27,565 | INFO | kafka_consumer | Inserted 5 rows to ticks_db.
2025-08-28 19:48:28,646 | INFO | kafka_consumer | Inserted 17 rows to ticks_db.
2025-08-28 19:48:29,644 | INFO | kafka_consumer | Inserted 63 rows to ticks_db.
2025-08-28 19:48:30,642 | INFO | kafka_consumer | Inserted 41 rows to ticks_db.
2025-08-28 19:48:31,145 | INFO | monitoring | Inserted ticks monitoring data for 128 messages.
2025-08-28 19:48:31,563 | INFO | kafka_consumer | Inserted 123 rows to ticks_db.
2025-08-28 19:48:32,256 | INFO | monitoring | Completed a monitoring cycle.
2025-08-28 19:48:32,557 | INFO | kafka_consumer | Inserted 4 rows to ticks_db.
2025-08-28 19:48:33,600 | INFO | kafka_consumer | Inserted 5 rows to ticks_db.
2025-08-28 19:48:34,689 | INFO | kafka_consumer | Inserted 4 rows to ticks_db.
2025-08-28 19:48:35,559 | INFO | kafka_consumer | Inserted 68 rows to ticks_db.
2025-08-28 19:48:36,411 | INFO | monitoring | Inserted ticks monitoring data for 204 messages.
2025-08-28 19:48:36,632 | INFO | kafka_consumer | Inserted 1 rows to ticks_db.
2025-08-28 19:48:37,631 | INFO | monitoring | Completed a monitoring cycle.
2025-08-28 19:48:37,641 | INFO | kafka_consumer | Inserted 130 rows to ticks_db.
2025-08-28 19:48:38,575 | INFO | kafka_consumer | Inserted 3 rows to ticks_db.
2025-08-28 19:48:39,877 | INFO | kafka_consumer | Inserted 6 rows to ticks_db.
2025-08-28 19:48:40,605 | INFO | kafka_consumer | Inserted 95 rows to ticks_db.
2025-08-28 19:48:41,739 | INFO | kafka_consumer | Inserted 61 rows to ticks_db.
2025-08-28 19:48:41,852 | INFO | monitoring | Inserted ticks monitoring data for 235 messages.
2025-08-28 19:48:42,770 | INFO | kafka_consumer | Inserted 33 rows to ticks_db.
2025-08-28 19:48:42,947 | INFO | monitoring | Completed a monitoring cycle.
2025-08-28 19:48:43,620 | INFO | kafka_consumer | Inserted 97 rows to ticks_db.
2025-08-28 19:48:44,867 | INFO | kafka_consumer | Inserted 5 rows to ticks_db.
2025-08-28 19:48:45,817 | INFO | kafka_consumer | Inserted 67 rows to ticks_db.
2025-08-28 19:48:46,668 | INFO | kafka_consumer | Inserted 149 rows to ticks_db.
2025-08-28 19:48:47,464 | INFO | monitoring | Inserted ticks monitoring data for 351 messages.
2025-08-28 19:48:47,700 | INFO | kafka_consumer | Inserted 20 rows to ticks_db.
2025-08-28 19:48:48,140 | INFO | monitoring | Completed a monitoring cycle.
2025-08-28 19:48:48,707 | INFO | kafka_consumer | Inserted 72 rows to ticks_db.
2025-08-28 19:48:49,864 | INFO | kafka_consumer | Inserted 112 rows to ticks_db.
2025-08-28 19:48:50,648 | INFO | kafka_consumer | Inserted 4 rows to ticks_db.
2025-08-28 19:48:51,641 | INFO | kafka_consumer | Inserted 4 rows to ticks_db.
2025-08-28 19:48:52,718 | INFO | kafka_consumer | Inserted 3 rows to ticks_db.
2025-08-28 19:48:52,890 | INFO | monitoring | Inserted ticks monitoring data for 212 messages.
2025-08-28 19:48:53,314 | INFO | monitoring | Completed a monitoring cycle.
2025-08-28 19:48:53,670 | INFO | kafka_consumer | Inserted 39 rows to ticks_db.
2025-08-28 19:48:55,139 | INFO | kafka_consumer | Inserted 4 rows to ticks_db.
2025-08-28 19:48:57,927 | INFO | kafka_consumer | Inserted 184 rows to ticks_db.
2025-08-28 19:48:58,549 | INFO | monitoring | Inserted ticks monitoring data for 227 messages.
2025-08-28 19:48:58,617 | INFO | monitoring | Completed a monitoring cycle.
2025-08-28 19:48:58,695 | INFO | kafka_consumer | Inserted 4 rows to ticks_db.
2025-08-28 19:49:00,253 | INFO | kafka_consumer | Inserted 6 rows to ticks_db.
2025-08-28 19:49:05,150 | INFO | kafka_consumer | Inserted 16 rows to ticks_db.
2025-08-28 19:49:09,449 | INFO | kafka_consumer | Inserted 222 rows to ticks_db.
2025-08-28 19:49:15,404 | INFO | kafka_consumer | Inserted 214 rows to ticks_db.
2025-08-28 19:49:18,554 | INFO | kafka_consumer | Inserted 51 rows to ticks_db.
2025-08-28 19:49:18,691 | INFO | monitoring | Inserted ticks monitoring data for 10 messages.
2025-08-28 19:49:18,704 | INFO | monitoring | Completed a monitoring cycle.
2025-08-28 19:49:19,949 | INFO | kafka_consumer | Inserted 159 rows to ticks_db.
2025-08-28 19:49:20,748 | INFO | kafka_consumer | Inserted 58 rows to ticks_db.
2025-08-28 19:49:22,987 | INFO | kafka_consumer | Inserted 30 rows to ticks_db.
2025-08-28 19:49:23,753 | INFO | kafka_consumer | Inserted 38 rows to ticks_db.
2025-08-28 19:49:24,498 | INFO | monitoring | Completed a monitoring cycle.
2025-08-28 19:49:24,630 | INFO | monitoring | Inserted ticks monitoring data for 247 messages.
2025-08-28 19:49:24,782 | INFO | kafka_consumer | Inserted 7 rows to ticks_db.
2025-08-28 19:49:25,745 | INFO | kafka_consumer | Inserted 54 rows to ticks_db.
2025-08-28 19:49:27,153 | INFO | kafka_consumer | Inserted 2 rows to ticks_db.
2025-08-28 19:49:27,757 | INFO | kafka_consumer | Inserted 167 rows to ticks_db.
2025-08-28 19:49:28,728 | INFO | kafka_consumer | Inserted 14 rows to ticks_db.
2025-08-28 19:49:29,739 | INFO | kafka_consumer | Inserted 3 rows to ticks_db.
2025-08-28 19:49:29,871 | INFO | monitoring | Completed a monitoring cycle.
2025-08-28 19:49:30,055 | INFO | monitoring | Inserted ticks monitoring data for 244 messages.
2025-08-28 19:49:30,709 | INFO | kafka_consumer | Inserted 2 rows to ticks_db.
2025-08-28 19:49:32,723 | INFO | kafka_consumer | Inserted 6 rows to ticks_db.
2025-08-28 19:49:33,800 | INFO | kafka_consumer | Inserted 1 rows to ticks_db.
2025-08-28 19:49:34,929 | INFO | kafka_consumer | Inserted 2 rows to ticks_db.
2025-08-28 19:49:35,159 | INFO | monitoring | Completed a monitoring cycle.
2025-08-28 19:49:35,358 | INFO | monitoring | Inserted ticks monitoring data for 11 messages.
2025-08-28 19:49:35,781 | INFO | kafka_consumer | Inserted 1 rows to ticks_db.
2025-08-28 19:49:36,716 | INFO | kafka_consumer | Inserted 3 rows to ticks_db.
2025-08-28 19:49:37,712 | INFO | kafka_consumer | Inserted 1 rows to ticks_db.
2025-08-28 19:49:38,739 | INFO | kafka_consumer | Inserted 5 rows to ticks_db.
2025-08-28 19:49:40,587 | INFO | monitoring | Completed a monitoring cycle.
2025-08-28 19:49:40,861 | INFO | monitoring | Inserted ticks monitoring data for 10 messages.
2025-08-28 19:49:41,864 | INFO | kafka_consumer | Inserted 30 rows to ticks_db.
2025-08-28 19:49:43,345 | INFO | kafka_consumer | Inserted 5 rows to ticks_db.
2025-08-28 19:49:45,289 | INFO | kafka_consumer | Inserted 2 rows to ticks_db.
2025-08-28 19:49:46,019 | INFO | monitoring | Completed a monitoring cycle.
2025-08-28 19:49:46,491 | ERROR | monitoring | Error inserting ticks monitoring data.
Traceback (most recent call last):
  File "/app/monitoring.py", line 57, in ticks_monitoring
    ch.insert('websocket_diagnostics',
  File "/usr/local/lib/python3.10/site-packages/clickhouse_connect/driver/client.py", line 664, in insert
    context = self.create_insert_context(table,
  File "/usr/local/lib/python3.10/site-packages/clickhouse_connect/driver/client.py", line 773, in create_insert_context
    describe_result = self.query(f'DESCRIBE TABLE {full_table}')
  File "/usr/local/lib/python3.10/site-packages/clickhouse_connect/driver/client.py", line 237, in query
    return self._query_with_context(query_context)
  File "/usr/local/lib/python3.10/site-packages/clickhouse_connect/driver/httpclient.py", line 243, in _query_with_context
    response = self._raw_request(body,
  File "/usr/local/lib/python3.10/site-packages/clickhouse_connect/driver/httpclient.py", line 481, in _raw_request
    self._error_handler(response)
  File "/usr/local/lib/python3.10/site-packages/clickhouse_connect/driver/httpclient.py", line 402, in _error_handler
    raise OperationalError(err_str) if retried else DatabaseError(err_str) from None
clickhouse_connect.driver.exceptions.DatabaseError: HTTPDriver for http://clickhouse:8123 received ClickHouse error code 241
 Code: 241. DB::Exception: (total) memory limit exceeded: would use 3.44 GiB (attempt to allocate chunk of 4.00 MiB bytes), current RSS: 626.32 MiB, maximum: 3.44 GiB. (MEMORY_LIMIT_EXCEEDED) (version 25.7.4.11 (official build))

2025-08-28 19:49:47,184 | INFO | kafka_consumer | Inserted 6 rows to ticks_db.
2025-08-28 19:49:47,788 | INFO | kafka_consumer | Inserted 1 rows to ticks_db.
2025-08-28 19:49:55,824 | ERROR | kafka_consumer | Consumer parse/insert error
Traceback (most recent call last):
  File "/app/kafka_consumer.py", line 63, in start_consumer
    ch_client.insert(
  File "/usr/local/lib/python3.10/site-packages/clickhouse_connect/driver/client.py", line 664, in insert
    context = self.create_insert_context(table,
  File "/usr/local/lib/python3.10/site-packages/clickhouse_connect/driver/client.py", line 773, in create_insert_context
    describe_result = self.query(f'DESCRIBE TABLE {full_table}')
  File "/usr/local/lib/python3.10/site-packages/clickhouse_connect/driver/client.py", line 237, in query
    return self._query_with_context(query_context)
  File "/usr/local/lib/python3.10/site-packages/clickhouse_connect/driver/httpclient.py", line 243, in _query_with_context
    response = self._raw_request(body,
  File "/usr/local/lib/python3.10/site-packages/clickhouse_connect/driver/httpclient.py", line 481, in _raw_request
    self._error_handler(response)
  File "/usr/local/lib/python3.10/site-packages/clickhouse_connect/driver/httpclient.py", line 402, in _error_handler
    raise OperationalError(err_str) if retried else DatabaseError(err_str) from None
clickhouse_connect.driver.exceptions.DatabaseError: HTTPDriver for http://clickhouse:8123 received ClickHouse error code 241
 Code: 241. DB::Exception: (total) memory limit exceeded: would use 3.46 GiB (attempt to allocate chunk of 4.00 MiB bytes), current RSS: 674.08 MiB, maximum: 3.44 GiB. (MEMORY_LIMIT_EXCEEDED) (version 25.7.4.11 (official build))

2025-08-28 19:50:01,764 | INFO | kafka_consumer | Inserted 8 rows to ticks_db.
2025-08-28 19:50:04,365 | INFO | kafka_consumer | Inserted 300 rows to ticks_db.
2025-08-28 19:50:04,531 | INFO | monitoring | Completed a monitoring cycle.
2025-08-28 19:50:05,045 | INFO | kafka_consumer | Inserted 300 rows to ticks_db.
2025-08-28 19:50:06,260 | INFO | monitoring | Inserted ticks monitoring data for 7 messages.
2025-08-28 19:50:08,342 | INFO | kafka_consumer | Inserted 101 rows to ticks_db.
2025-08-28 19:50:10,126 | INFO | kafka_consumer | Inserted 84 rows to ticks_db.
2025-08-28 19:50:10,467 | INFO | monitoring | Completed a monitoring cycle.
2025-08-28 19:50:13,580 | INFO | kafka_consumer | Inserted 37 rows to ticks_db.
2025-08-28 19:50:15,046 | INFO | kafka_consumer | Inserted 46 rows to ticks_db.
2025-08-28 19:50:15,173 | INFO | monitoring | Inserted ticks monitoring data for 185 messages.
2025-08-28 19:50:15,751 | INFO | kafka_consumer | Inserted 116 rows to ticks_db.
2025-08-28 19:50:17,271 | INFO | monitoring | Completed a monitoring cycle.
2025-08-28 19:50:17,331 | INFO | kafka_consumer | Inserted 64 rows to ticks_db.
2025-08-28 19:50:18,788 | INFO | kafka_consumer | Inserted 98 rows to ticks_db.
2025-08-28 19:50:19,533 | INFO | kafka_consumer | Inserted 172 rows to ticks_db.
2025-08-28 19:50:20,677 | INFO | kafka_consumer | Inserted 6 rows to ticks_db.
2025-08-28 19:50:21,229 | INFO | monitoring | Inserted ticks monitoring data for 450 messages.
2025-08-28 19:50:21,914 | INFO | kafka_consumer | Inserted 81 rows to ticks_db.
2025-08-28 19:50:23,102 | INFO | kafka_consumer | Inserted 90 rows to ticks_db.
2025-08-28 19:50:23,184 | INFO | monitoring | Completed a monitoring cycle.
2025-08-28 19:50:23,891 | INFO | kafka_consumer | Inserted 2 rows to ticks_db.
2025-08-28 19:50:25,110 | INFO | kafka_consumer | Inserted 97 rows to ticks_db.
2025-08-28 19:50:27,112 | INFO | kafka_consumer | Inserted 61 rows to ticks_db.
2025-08-28 19:50:27,339 | INFO | monitoring | Inserted ticks monitoring data for 270 messages.
2025-08-28 19:50:27,839 | INFO | kafka_consumer | Inserted 48 rows to ticks_db.
2025-08-28 19:50:28,625 | INFO | monitoring | Completed a monitoring cycle.
2025-08-28 19:50:28,782 | INFO | kafka_consumer | Inserted 60 rows to ticks_db.
2025-08-28 19:50:29,733 | INFO | kafka_consumer | Inserted 65 rows to ticks_db.
2025-08-28 19:50:32,224 | INFO | kafka_consumer | Inserted 37 rows to ticks_db.
2025-08-28 19:50:33,114 | INFO | kafka_consumer | Inserted 123 rows to ticks_db.
2025-08-28 19:50:33,403 | INFO | monitoring | Inserted ticks monitoring data for 210 messages.
2025-08-28 19:50:34,021 | INFO | kafka_consumer | Inserted 68 rows to ticks_db.
2025-08-28 19:50:34,209 | INFO | monitoring | Completed a monitoring cycle.
2025-08-28 19:50:34,998 | INFO | kafka_consumer | Inserted 5 rows to ticks_db.
2025-08-28 19:50:36,014 | INFO | kafka_consumer | Inserted 11 rows to ticks_db.
2025-08-28 19:50:37,018 | INFO | kafka_consumer | Inserted 3 rows to ticks_db.
2025-08-28 19:50:38,049 | INFO | kafka_consumer | Inserted 33 rows to ticks_db.
2025-08-28 19:50:38,807 | INFO | monitoring | Inserted ticks monitoring data for 120 messages.
2025-08-28 19:50:39,113 | INFO | kafka_consumer | Inserted 50 rows to ticks_db.
2025-08-28 19:50:39,353 | INFO | monitoring | Completed a monitoring cycle.
2025-08-28 19:50:40,067 | INFO | kafka_consumer | Inserted 133 rows to ticks_db.
2025-08-28 19:50:41,255 | INFO | kafka_consumer | Inserted 97 rows to ticks_db.
2025-08-28 19:50:42,338 | INFO | kafka_consumer | Inserted 51 rows to ticks_db.
2025-08-28 19:50:43,534 | ERROR | kafka_consumer | Consumer parse/insert error
Traceback (most recent call last):
  File "/app/kafka_consumer.py", line 63, in start_consumer
    ch_client.insert(
  File "/usr/local/lib/python3.10/site-packages/clickhouse_connect/driver/client.py", line 676, in insert
    return self.data_insert(context)
  File "/usr/local/lib/python3.10/site-packages/clickhouse_connect/driver/httpclient.py", line 284, in data_insert
    response = self._raw_request(block_gen, params, headers, error_handler=error_handler, server_wait=False)
  File "/usr/local/lib/python3.10/site-packages/clickhouse_connect/driver/httpclient.py", line 479, in _raw_request
    error_handler(response)
  File "/usr/local/lib/python3.10/site-packages/clickhouse_connect/driver/httpclient.py", line 270, in error_handler
    self._error_handler(resp)
  File "/usr/local/lib/python3.10/site-packages/clickhouse_connect/driver/httpclient.py", line 402, in _error_handler
    raise OperationalError(err_str) if retried else DatabaseError(err_str) from None
clickhouse_connect.driver.exceptions.DatabaseError: HTTPDriver for http://clickhouse:8123 received ClickHouse error code 241
 Code: 241. DB::Exception: (total) memory limit exceeded: would use 3.44 GiB (attempt to allocate chunk of 4.37 MiB bytes), current RSS: 876.48 MiB, maximum: 3.44 GiB. OvercommitTracker decision: Query was selected to stop by OvercommitTracker. (MEMORY_LIMIT_EXCEEDED) (version 25.7.4.11 (official build))

2025-08-28 19:50:43,593 | INFO | kafka_consumer | Inserted 57 rows to ticks_db.
2025-08-28 19:50:44,273 | INFO | kafka_consumer | Inserted 191 rows to ticks_db.
2025-08-28 19:50:44,449 | INFO | monitoring | Inserted ticks monitoring data for 388 messages.
2025-08-28 19:50:44,528 | INFO | monitoring | Completed a monitoring cycle.
2025-08-28 19:50:45,105 | INFO | kafka_consumer | Inserted 69 rows to ticks_db.
2025-08-28 19:50:47,287 | INFO | kafka_consumer | Inserted 75 rows to ticks_db.
2025-08-28 19:50:49,319 | INFO | kafka_consumer | Inserted 112 rows to ticks_db.
2025-08-28 19:50:52,506 | INFO | kafka_consumer | Inserted 54 rows to ticks_db.
2025-08-28 19:50:53,606 | INFO | monitoring | Completed a monitoring cycle.
2025-08-28 19:50:54,133 | INFO | monitoring | Inserted ticks monitoring data for 256 messages.
2025-08-28 19:50:54,145 | INFO | kafka_consumer | Inserted 173 rows to ticks_db.
2025-08-28 19:50:57,262 | INFO | kafka_consumer | Inserted 88 rows to ticks_db.
2025-08-28 19:50:59,274 | INFO | kafka_consumer | Inserted 218 rows to ticks_db.
2025-08-28 19:50:59,343 | ERROR | monitoring | insert_monitoring error
Traceback (most recent call last):
  File "/app/monitoring.py", line 118, in diagnostics_monitoring
    lag = ch.query(f"""
  File "/usr/local/lib/python3.10/site-packages/clickhouse_connect/driver/client.py", line 237, in query
    return self._query_with_context(query_context)
  File "/usr/local/lib/python3.10/site-packages/clickhouse_connect/driver/httpclient.py", line 243, in _query_with_context
    response = self._raw_request(body,
  File "/usr/local/lib/python3.10/site-packages/clickhouse_connect/driver/httpclient.py", line 481, in _raw_request
    self._error_handler(response)
  File "/usr/local/lib/python3.10/site-packages/clickhouse_connect/driver/httpclient.py", line 402, in _error_handler
    raise OperationalError(err_str) if retried else DatabaseError(err_str) from None
clickhouse_connect.driver.exceptions.DatabaseError: HTTPDriver for http://clickhouse:8123 received ClickHouse error code 241
 Code: 241. DB::Exception: (total) memory limit exceeded: would use 3.44 GiB (attempt to allocate chunk of 4.00 MiB bytes), current RSS: 629.13 MiB, maximum: 3.44 GiB. (MEMORY_LIMIT_EXCEEDED) (version 25.7.4.11 (official build))

2025-08-28 19:51:00,774 | INFO | kafka_consumer | Inserted 56 rows to ticks_db.
2025-08-28 19:51:03,869 | INFO | kafka_consumer | Inserted 25 rows to ticks_db.
2025-08-28 19:51:04,226 | INFO | monitoring | Inserted ticks monitoring data for 306 messages.
2025-08-28 19:51:04,938 | INFO | monitoring | Completed a monitoring cycle.
2025-08-28 19:51:05,084 | INFO | kafka_consumer | Inserted 246 rows to ticks_db.
2025-08-28 19:51:06,169 | INFO | kafka_consumer | Inserted 59 rows to ticks_db.
2025-08-28 19:51:07,512 | INFO | kafka_consumer | Inserted 55 rows to ticks_db.
2025-08-28 19:51:09,402 | INFO | kafka_consumer | Inserted 16 rows to ticks_db.
2025-08-28 19:51:10,534 | INFO | kafka_consumer | Inserted 6 rows to ticks_db.
2025-08-28 19:51:12,362 | INFO | monitoring | Inserted ticks monitoring data for 360 messages.
2025-08-28 19:51:18,003 | INFO | kafka_consumer | Inserted 1 rows to ticks_db.
2025-08-28 19:53:12,190 | WARNING | kafka.client | <BrokerConnection client_id=kafka-python-producer-1, node_id=1 host=159.65.41.22:9092 <connected> [IPv4 ('159.65.41.22', 9092)]> timed out after 2000.0 ms. Closing connection.
2025-08-28 19:53:12,355 | ERROR | kafka.conn | <BrokerConnection client_id=kafka-python-producer-1, node_id=1 host=159.65.41.22:9092 <connected> [IPv4 ('159.65.41.22', 9092)]>: Closing connection. [Error 7] RequestTimedOutError: Request timed out after 2000.0 ms
2025-08-28 19:53:12,402 | WARNING | kafka.client | Node 1 connection failed -- refreshing metadata
2025-08-28 19:53:12,410 | ERROR | kafka.producer.sender | <Sender client_id=kafka-python-producer-1 transactional_id=None>: Error sending produce request to node 1: [Error 7] RequestTimedOutError: Request timed out after 2000.0 ms
2025-08-28 19:53:12,412 | WARNING | kafka.producer.sender | <Sender client_id=kafka-python-producer-1 transactional_id=None>: Got error produce response on topic-partition TopicPartition(topic='price_ticks', partition=0), retrying (0 attempts left). Error: [Error 7] RequestTimedOutError: Request timed out after 2000.0 ms
2025-08-28 19:53:12,501 | INFO | kafka.conn | <BrokerConnection client_id=kafka-python-producer-1, node_id=1 host=159.65.41.22:9092 <connecting> [IPv4 ('159.65.41.22', 9092)]>: connecting to 159.65.41.22:9092 [('159.65.41.22', 9092) IPv4]
2025-08-28 19:53:13,206 | INFO | kafka.conn | <BrokerConnection client_id=kafka-python-producer-1, node_id=1 host=159.65.41.22:9092 <connected> [IPv4 ('159.65.41.22', 9092)]>: Connection complete.
2025-08-28 19:53:17,355 | WARNING | kafka.client | <BrokerConnection client_id=kafka-python-producer-1, node_id=1 host=159.65.41.22:9092 <connected> [IPv4 ('159.65.41.22', 9092)]> timed out after 2000.0 ms. Closing connection.
2025-08-28 19:53:18,318 | ERROR | kafka.conn | <BrokerConnection client_id=kafka-python-producer-1, node_id=1 host=159.65.41.22:9092 <connected> [IPv4 ('159.65.41.22', 9092)]>: Closing connection. [Error 7] RequestTimedOutError: Request timed out after 2000.0 ms
2025-08-28 19:53:18,938 | WARNING | kafka.client | Node 1 connection failed -- refreshing metadata
2025-08-28 19:53:19,936 | INFO | kafka.conn | <BrokerConnection client_id=kafka-python-producer-1, node_id=1 host=159.65.41.22:9092 <connecting> [IPv4 ('159.65.41.22', 9092)]>: connecting to 159.65.41.22:9092 [('159.65.41.22', 9092) IPv4]
2025-08-28 19:53:20,250 | INFO | kafka.conn | <BrokerConnection client_id=kafka-python-producer-1, node_id=1 host=159.65.41.22:9092 <connected> [IPv4 ('159.65.41.22', 9092)]>: Connection complete.
2025-08-28 19:54:08,100 | WARNING | kafka.client | <BrokerConnection client_id=kafka-python-producer-1, node_id=1 host=159.65.41.22:9092 <connected> [IPv4 ('159.65.41.22', 9092)]> timed out after 2000.0 ms. Closing connection.
2025-08-28 19:54:08,276 | ERROR | kafka.conn | <BrokerConnection client_id=kafka-python-producer-1, node_id=1 host=159.65.41.22:9092 <connected> [IPv4 ('159.65.41.22', 9092)]>: Closing connection. [Error 7] RequestTimedOutError: Request timed out after 2000.0 ms
2025-08-28 19:54:08,323 | WARNING | kafka.client | Node 1 connection failed -- refreshing metadata
2025-08-28 19:54:08,326 | ERROR | kafka.producer.sender | <Sender client_id=kafka-python-producer-1 transactional_id=None>: Error sending produce request to node 1: [Error 7] RequestTimedOutError: Request timed out after 2000.0 ms
2025-08-28 19:54:08,328 | WARNING | kafka.producer.sender | <Sender client_id=kafka-python-producer-1 transactional_id=None>: Got error produce response on topic-partition TopicPartition(topic='price_ticks', partition=0), retrying (0 attempts left). Error: [Error 7] RequestTimedOutError: Request timed out after 2000.0 ms
2025-08-28 19:54:08,354 | INFO | kafka.conn | <BrokerConnection client_id=kafka-python-producer-1, node_id=1 host=159.65.41.22:9092 <connecting> [IPv4 ('159.65.41.22', 9092)]>: connecting to 159.65.41.22:9092 [('159.65.41.22', 9092) IPv4]
2025-08-28 19:54:08,364 | INFO | kafka.conn | <BrokerConnection client_id=kafka-python-producer-1, node_id=1 host=159.65.41.22:9092 <connected> [IPv4 ('159.65.41.22', 9092)]>: Connection complete.
2025-08-28 19:54:30,632 | WARNING | kafka.client | <BrokerConnection client_id=kafka-python-producer-1, node_id=1 host=159.65.41.22:9092 <connected> [IPv4 ('159.65.41.22', 9092)]> timed out after 2000.0 ms. Closing connection.
2025-08-28 19:54:31,988 | ERROR | kafka.conn | <BrokerConnection client_id=kafka-python-producer-1, node_id=1 host=159.65.41.22:9092 <connected> [IPv4 ('159.65.41.22', 9092)]>: Closing connection. [Error 7] RequestTimedOutError: Request timed out after 2000.0 ms
2025-08-28 19:54:33,233 | WARNING | kafka.client | Node 1 connection failed -- refreshing metadata
2025-08-28 19:54:35,245 | ERROR | kafka.producer.sender | <Sender client_id=kafka-python-producer-1 transactional_id=None>: Error sending produce request to node 1: [Error 7] RequestTimedOutError: Request timed out after 2000.0 ms
2025-08-28 19:54:37,327 | WARNING | kafka.producer.sender | <Sender client_id=kafka-python-producer-1 transactional_id=None>: Got error produce response on topic-partition TopicPartition(topic='price_ticks', partition=0), retrying (0 attempts left). Error: [Error 7] RequestTimedOutError: Request timed out after 2000.0 ms
2025-08-28 19:54:38,835 | INFO | kafka.conn | <BrokerConnection client_id=kafka-python-producer-1, node_id=1 host=159.65.41.22:9092 <connecting> [IPv4 ('159.65.41.22', 9092)]>: connecting to 159.65.41.22:9092 [('159.65.41.22', 9092) IPv4]
2025-08-28 19:54:39,305 | INFO | kafka.conn | <BrokerConnection client_id=kafka-python-producer-1, node_id=1 host=159.65.41.22:9092 <connected> [IPv4 ('159.65.41.22', 9092)]>: Connection complete.
2025-08-28 19:56:18,198 | WARNING | clickhouse_connect.driver.httpclient | Unexpected Http Driver Exception
2025-08-28 19:56:18,996 | ERROR | monitoring | Error inserting ticks monitoring data.
Traceback (most recent call last):
  File "/usr/local/lib/python3.10/site-packages/urllib3/connectionpool.py", line 534, in _make_request
    response = conn.getresponse()
  File "/usr/local/lib/python3.10/site-packages/urllib3/connection.py", line 565, in getresponse
    httplib_response = super().getresponse()
  File "/usr/local/lib/python3.10/http/client.py", line 1375, in getresponse
    response.begin()
  File "/usr/local/lib/python3.10/http/client.py", line 318, in begin
    version, status, reason = self._read_status()
  File "/usr/local/lib/python3.10/http/client.py", line 279, in _read_status
    line = str(self.fp.readline(_MAXLINE + 1), "iso-8859-1")
  File "/usr/local/lib/python3.10/socket.py", line 717, in readinto
    return self._sock.recv_into(b)
TimeoutError: timed out

The above exception was the direct cause of the following exception:

Traceback (most recent call last):
  File "/usr/local/lib/python3.10/site-packages/clickhouse_connect/driver/httpclient.py", line 456, in _raw_request
    response = self.http.request(method, url, **kwargs)
  File "/usr/local/lib/python3.10/site-packages/urllib3/_request_methods.py", line 143, in request
    return self.request_encode_body(
  File "/usr/local/lib/python3.10/site-packages/urllib3/_request_methods.py", line 278, in request_encode_body
    return self.urlopen(method, url, **extra_kw)
  File "/usr/local/lib/python3.10/site-packages/urllib3/poolmanager.py", line 459, in urlopen
    response = conn.urlopen(method, u.request_uri, **kw)
  File "/usr/local/lib/python3.10/site-packages/urllib3/connectionpool.py", line 841, in urlopen
    retries = retries.increment(
  File "/usr/local/lib/python3.10/site-packages/urllib3/util/retry.py", line 474, in increment
    raise reraise(type(error), error, _stacktrace)
  File "/usr/local/lib/python3.10/site-packages/urllib3/util/util.py", line 39, in reraise
    raise value
  File "/usr/local/lib/python3.10/site-packages/urllib3/connectionpool.py", line 787, in urlopen
    response = self._make_request(
  File "/usr/local/lib/python3.10/site-packages/urllib3/connectionpool.py", line 536, in _make_request
    self._raise_timeout(err=e, url=url, timeout_value=read_timeout)
  File "/usr/local/lib/python3.10/site-packages/urllib3/connectionpool.py", line 367, in _raise_timeout
    raise ReadTimeoutError(
urllib3.exceptions.ReadTimeoutError: HTTPConnectionPool(host='clickhouse', port=8123): Read timed out. (read timeout=300)

The above exception was the direct cause of the following exception:

Traceback (most recent call last):
  File "/app/monitoring.py", line 26, in ticks_monitoring
    diagnostic_rows = ch.query(f'''
  File "/usr/local/lib/python3.10/site-packages/clickhouse_connect/driver/client.py", line 237, in query
    return self._query_with_context(query_context)
  File "/usr/local/lib/python3.10/site-packages/clickhouse_connect/driver/httpclient.py", line 243, in _query_with_context
    response = self._raw_request(body,
  File "/usr/local/lib/python3.10/site-packages/clickhouse_connect/driver/httpclient.py", line 468, in _raw_request
    raise OperationalError(f'Error {ex} executing HTTP request attempt {attempts}{err_url}') from ex
clickhouse_connect.driver.exceptions.OperationalError: Error HTTPConnectionPool(host='clickhouse', port=8123): Read timed out. (read timeout=300) executing HTTP request attempt 1 (http://clickhouse:8123)
2025-08-28 19:56:20,341 | WARNING | kafka.coordinator.heartbeat | Consumer poll timeout has expired. This means the time between subsequent calls to poll() was longer than the configured max_poll_interval_ms, which typically implies that the poll loop is spending too much time processing messages. You can address this either by increasing max_poll_interval_ms or by reducing the maximum size of batches returned in poll() with max_poll_records.
2025-08-28 19:56:20,754 | WARNING | clickhouse_connect.driver.httpclient | Unexpected Http Driver Exception
2025-08-28 19:56:26,637 | ERROR | monitoring | insert_monitoring error
Traceback (most recent call last):
  File "/usr/local/lib/python3.10/site-packages/urllib3/connectionpool.py", line 534, in _make_request
    response = conn.getresponse()
  File "/usr/local/lib/python3.10/site-packages/urllib3/connection.py", line 565, in getresponse
    httplib_response = super().getresponse()
  File "/usr/local/lib/python3.10/http/client.py", line 1375, in getresponse
    response.begin()
  File "/usr/local/lib/python3.10/http/client.py", line 318, in begin
    version, status, reason = self._read_status()
  File "/usr/local/lib/python3.10/http/client.py", line 279, in _read_status
    line = str(self.fp.readline(_MAXLINE + 1), "iso-8859-1")
  File "/usr/local/lib/python3.10/socket.py", line 717, in readinto
    return self._sock.recv_into(b)
TimeoutError: timed out

The above exception was the direct cause of the following exception:

Traceback (most recent call last):
  File "/usr/local/lib/python3.10/site-packages/clickhouse_connect/driver/httpclient.py", line 456, in _raw_request
    response = self.http.request(method, url, **kwargs)
  File "/usr/local/lib/python3.10/site-packages/urllib3/_request_methods.py", line 143, in request
    return self.request_encode_body(
  File "/usr/local/lib/python3.10/site-packages/urllib3/_request_methods.py", line 278, in request_encode_body
    return self.urlopen(method, url, **extra_kw)
  File "/usr/local/lib/python3.10/site-packages/urllib3/poolmanager.py", line 459, in urlopen
    response = conn.urlopen(method, u.request_uri, **kw)
  File "/usr/local/lib/python3.10/site-packages/urllib3/connectionpool.py", line 841, in urlopen
    retries = retries.increment(
  File "/usr/local/lib/python3.10/site-packages/urllib3/util/retry.py", line 474, in increment
    raise reraise(type(error), error, _stacktrace)
  File "/usr/local/lib/python3.10/site-packages/urllib3/util/util.py", line 39, in reraise
    raise value
  File "/usr/local/lib/python3.10/site-packages/urllib3/connectionpool.py", line 787, in urlopen
    response = self._make_request(
  File "/usr/local/lib/python3.10/site-packages/urllib3/connectionpool.py", line 536, in _make_request
    self._raise_timeout(err=e, url=url, timeout_value=read_timeout)
  File "/usr/local/lib/python3.10/site-packages/urllib3/connectionpool.py", line 367, in _raise_timeout
    raise ReadTimeoutError(
urllib3.exceptions.ReadTimeoutError: HTTPConnectionPool(host='clickhouse', port=8123): Read timed out. (read timeout=300)

The above exception was the direct cause of the following exception:

Traceback (most recent call last):
  File "/app/monitoring.py", line 141, in diagnostics_monitoring
    ch.insert(
  File "/usr/local/lib/python3.10/site-packages/clickhouse_connect/driver/client.py", line 676, in insert
    return self.data_insert(context)
  File "/usr/local/lib/python3.10/site-packages/clickhouse_connect/driver/httpclient.py", line 284, in data_insert
    response = self._raw_request(block_gen, params, headers, error_handler=error_handler, server_wait=False)
  File "/usr/local/lib/python3.10/site-packages/clickhouse_connect/driver/httpclient.py", line 468, in _raw_request
    raise OperationalError(f'Error {ex} executing HTTP request attempt {attempts}{err_url}') from ex
clickhouse_connect.driver.exceptions.OperationalError: Error HTTPConnectionPool(host='clickhouse', port=8123): Read timed out. (read timeout=300) executing HTTP request attempt 1 (http://clickhouse:8123)
2025-08-28 19:56:25,883 | INFO | kafka.coordinator | Leaving consumer group (ticks_ingestor).
2025-08-28 19:56:30,336 | WARNING | kafka.client | <BrokerConnection client_id=kafka-python-producer-1, node_id=1 host=159.65.41.22:9092 <connected> [IPv4 ('159.65.41.22', 9092)]> timed out after 2000.0 ms. Closing connection.
2025-08-28 19:56:31,723 | ERROR | kafka.conn | <BrokerConnection client_id=kafka-python-producer-1, node_id=1 host=159.65.41.22:9092 <connected> [IPv4 ('159.65.41.22', 9092)]>: Closing connection. [Error 7] RequestTimedOutError: Request timed out after 2000.0 ms
2025-08-28 19:56:33,250 | WARNING | kafka.client | Node 1 connection failed -- refreshing metadata
2025-08-28 19:56:33,495 | ERROR | kafka.producer.sender | <Sender client_id=kafka-python-producer-1 transactional_id=None>: Error sending produce request to node 1: [Error 7] RequestTimedOutError: Request timed out after 2000.0 ms
2025-08-28 19:56:33,985 | WARNING | kafka.producer.sender | <Sender client_id=kafka-python-producer-1 transactional_id=None>: Got error produce response on topic-partition TopicPartition(topic='price_ticks', partition=0), retrying (0 attempts left). Error: [Error 7] RequestTimedOutError: Request timed out after 2000.0 ms
2025-08-28 19:56:35,623 | ERROR | kafka.producer.sender | <Sender client_id=kafka-python-producer-1 transactional_id=None>: Error sending produce request to node 1: [Error 7] RequestTimedOutError: Request timed out after 2000.0 ms
2025-08-28 19:56:36,851 | WARNING | kafka.producer.sender | <Sender client_id=kafka-python-producer-1 transactional_id=None>: Got error produce response on topic-partition TopicPartition(topic='price_ticks', partition=0), retrying (0 attempts left). Error: [Error 7] RequestTimedOutError: Request timed out after 2000.0 ms
2025-08-28 19:56:38,491 | ERROR | kafka.producer.sender | <Sender client_id=kafka-python-producer-1 transactional_id=None>: Error sending produce request to node 1: [Error 7] RequestTimedOutError: Request timed out after 2000.0 ms
2025-08-28 19:56:39,034 | WARNING | kafka.producer.sender | <Sender client_id=kafka-python-producer-1 transactional_id=None>: Got error produce response on topic-partition TopicPartition(topic='price_ticks', partition=0), retrying (0 attempts left). Error: [Error 7] RequestTimedOutError: Request timed out after 2000.0 ms
2025-08-28 19:56:39,114 | ERROR | kafka.producer.sender | <Sender client_id=kafka-python-producer-1 transactional_id=None>: Error sending produce request to node 1: [Error 7] RequestTimedOutError: Request timed out after 2000.0 ms
2025-08-28 19:56:39,570 | WARNING | kafka.producer.sender | <Sender client_id=kafka-python-producer-1 transactional_id=None>: Got error produce response on topic-partition TopicPartition(topic='price_ticks', partition=0), retrying (0 attempts left). Error: [Error 7] RequestTimedOutError: Request timed out after 2000.0 ms
2025-08-28 19:56:39,875 | ERROR | kafka.producer.sender | <Sender client_id=kafka-python-producer-1 transactional_id=None>: Error sending produce request to node 1: [Error 7] RequestTimedOutError: Request timed out after 2000.0 ms
2025-08-28 19:56:39,943 | WARNING | kafka.producer.sender | <Sender client_id=kafka-python-producer-1 transactional_id=None>: Got error produce response on topic-partition TopicPartition(topic='price_ticks', partition=0), retrying (0 attempts left). Error: [Error 7] RequestTimedOutError: Request timed out after 2000.0 ms
2025-08-28 19:56:40,002 | INFO | kafka.conn | <BrokerConnection client_id=kafka-python-producer-1, node_id=1 host=159.65.41.22:9092 <connecting> [IPv4 ('159.65.41.22', 9092)]>: connecting to 159.65.41.22:9092 [('159.65.41.22', 9092) IPv4]
2025-08-28 19:56:40,107 | INFO | kafka.conn | <BrokerConnection client_id=kafka-python-producer-1, node_id=1 host=159.65.41.22:9092 <connected> [IPv4 ('159.65.41.22', 9092)]>: Connection complete.
2025-08-28 19:56:55,654 | ERROR | kafka.coordinator | LeaveGroup request for group ticks_ingestor failed with error: [Error 25] UnknownMemberIdError
2025-08-28 19:56:57,749 | ERROR | monitoring | insert_monitoring error
Traceback (most recent call last):
  File "/app/monitoring.py", line 94, in diagnostics_monitoring
    rows = ch.query(f"""
  File "/usr/local/lib/python3.10/site-packages/clickhouse_connect/driver/client.py", line 237, in query
    return self._query_with_context(query_context)
  File "/usr/local/lib/python3.10/site-packages/clickhouse_connect/driver/httpclient.py", line 243, in _query_with_context
    response = self._raw_request(body,
  File "/usr/local/lib/python3.10/site-packages/clickhouse_connect/driver/httpclient.py", line 481, in _raw_request
    self._error_handler(response)
  File "/usr/local/lib/python3.10/site-packages/clickhouse_connect/driver/httpclient.py", line 402, in _error_handler
    raise OperationalError(err_str) if retried else DatabaseError(err_str) from None
clickhouse_connect.driver.exceptions.DatabaseError: HTTPDriver for http://clickhouse:8123 received ClickHouse error code 373
 Code: 373. DB::Exception: Session 6dc847f9-cc56-448d-a098-d0c51c677a32 is locked by a concurrent client. (SESSION_IS_LOCKED) (version 25.7.4.11 (official build))

2025-08-28 19:56:57,929 | ERROR | monitoring | Error inserting ticks monitoring data.
Traceback (most recent call last):
  File "/app/monitoring.py", line 26, in ticks_monitoring
    diagnostic_rows = ch.query(f'''
  File "/usr/local/lib/python3.10/site-packages/clickhouse_connect/driver/client.py", line 237, in query
    return self._query_with_context(query_context)
  File "/usr/local/lib/python3.10/site-packages/clickhouse_connect/driver/httpclient.py", line 243, in _query_with_context
    response = self._raw_request(body,
  File "/usr/local/lib/python3.10/site-packages/clickhouse_connect/driver/httpclient.py", line 481, in _raw_request
    self._error_handler(response)
  File "/usr/local/lib/python3.10/site-packages/clickhouse_connect/driver/httpclient.py", line 402, in _error_handler
    raise OperationalError(err_str) if retried else DatabaseError(err_str) from None
clickhouse_connect.driver.exceptions.DatabaseError: HTTPDriver for http://clickhouse:8123 received ClickHouse error code 373
 Code: 373. DB::Exception: Session a9f349f5-17da-45ea-bb99-a5bfde14f734 is locked by a concurrent client. (SESSION_IS_LOCKED) (version 25.7.4.11 (official build))

2025-08-28 19:56:58,677 | INFO | kafka_consumer | Inserted 296 rows to ticks_db.
2025-08-28 19:56:58,712 | INFO | kafka.coordinator.consumer | Failing OffsetCommit request since the consumer is not part of an active group
2025-08-28 19:56:58,713 | ERROR | kafka.coordinator.consumer | Offset commit failed: This is likely to cause duplicate message delivery
Traceback (most recent call last):
  File "/usr/local/lib/python3.10/site-packages/kafka/coordinator/consumer.py", line 574, in _maybe_auto_commit_offsets_sync
    self.commit_offsets_sync(self._subscription.all_consumed_offsets(), timeout_ms=timeout_ms)
  File "/usr/local/lib/python3.10/site-packages/kafka/coordinator/consumer.py", line 562, in commit_offsets_sync
    raise future.exception # pylint: disable-msg=raising-bad-type
kafka.errors.CommitFailedError: CommitFailedError: Offset commit cannot be completed since the consumer is not part of an active group for auto partition assignment; it is likely that the consumer was kicked out of the group.
2025-08-28 19:56:58,784 | INFO | kafka.coordinator.consumer | Revoking previously assigned partitions {TopicPartition(topic='price_ticks', partition=0)} for group ticks_ingestor
2025-08-28 19:56:58,786 | INFO | kafka.coordinator | (Re-)joining group ticks_ingestor
2025-08-28 19:56:58,847 | INFO | kafka.coordinator | Received member id kafka-python-2.2.15-5c086e96-e0af-4aff-b2f7-dc18dfb059e6 for group ticks_ingestor; will retry join-group
2025-08-28 19:56:58,848 | INFO | kafka.coordinator | Failed to join group ticks_ingestor: [Error 79] MemberIdRequiredError
2025-08-28 19:56:58,848 | INFO | kafka.coordinator | (Re-)joining group ticks_ingestor
2025-08-28 19:57:02,099 | INFO | kafka.coordinator | Successfully joined group ticks_ingestor <Generation 4 (member_id: kafka-python-2.2.15-5c086e96-e0af-4aff-b2f7-dc18dfb059e6, protocol: range)>
2025-08-28 19:57:02,105 | INFO | kafka.coordinator | Elected group leader -- performing partition assignments using range
2025-08-28 19:57:02,202 | INFO | kafka.consumer.subscription_state | Updated partition assignment: [TopicPartition(topic='price_ticks', partition=0)]
2025-08-28 19:57:02,205 | INFO | kafka.coordinator.consumer | Setting newly assigned partitions {TopicPartition(topic='price_ticks', partition=0)} for group ticks_ingestor
2025-08-28 19:57:04,299 | ERROR | monitoring | Error inserting ticks monitoring data.
Traceback (most recent call last):
  File "/app/monitoring.py", line 26, in ticks_monitoring
    diagnostic_rows = ch.query(f'''
  File "/usr/local/lib/python3.10/site-packages/clickhouse_connect/driver/client.py", line 237, in query
    return self._query_with_context(query_context)
  File "/usr/local/lib/python3.10/site-packages/clickhouse_connect/driver/httpclient.py", line 243, in _query_with_context
    response = self._raw_request(body,
  File "/usr/local/lib/python3.10/site-packages/clickhouse_connect/driver/httpclient.py", line 481, in _raw_request
    self._error_handler(response)
  File "/usr/local/lib/python3.10/site-packages/clickhouse_connect/driver/httpclient.py", line 402, in _error_handler
    raise OperationalError(err_str) if retried else DatabaseError(err_str) from None
clickhouse_connect.driver.exceptions.DatabaseError: HTTPDriver for http://clickhouse:8123 received ClickHouse error code 373
 Code: 373. DB::Exception: Session a9f349f5-17da-45ea-bb99-a5bfde14f734 is locked by a concurrent client. (SESSION_IS_LOCKED) (version 25.7.4.11 (official build))

2025-08-28 19:58:08,930 | INFO | kafka_consumer | Inserted 34 rows to ticks_db.
2025-08-28 19:58:16,809 | INFO | __main__ | Received stop signal. Shutting down...
2025-08-28 19:58:16,921 | INFO | kafka_producer | Shutting down producer.
2025-08-28 19:58:16,955 | INFO | kafka_producer | WebSocket closed: code=None msg=None
2025-08-28 19:58:17,013 | INFO | kafka.producer.kafka | <KafkaProducer client_id=kafka-python-producer-1 transactional_id=None>: Closing the Kafka producer with 5 secs timeout.
2025-08-28 19:58:17,044 | INFO | kafka.conn | <BrokerConnection client_id=kafka-python-producer-1, node_id=1 host=159.65.41.22:9092 <connected> [IPv4 ('159.65.41.22', 9092)]>: Closing connection. 
2025-08-28 19:58:17,555 | INFO | cloud_migration | Written Parquet files: parquet_data/ticks.parquet and parquet_data/ticks_20250828_195742.parquet
2025-08-28 19:58:18,954 | INFO | kafka_consumer | Inserted 300 rows to ticks_db.
2025-08-28 19:58:19,602 | INFO | cloud_migration | Written Parquet files: parquet_data/ws_diagnostics.parquet and parquet_data/ws_diagnostics_20250828_195742.parquet
2025-08-28 19:58:19,804 | INFO | kafka_consumer | Inserted final 199 rows.
2025-08-28 19:58:19,805 | INFO | kafka_consumer | Closing consumer.
2025-08-28 19:58:19,844 | INFO | kafka.coordinator.heartbeat | Stopping heartbeat thread
2025-08-28 19:58:19,844 | INFO | kafka.coordinator | Leaving consumer group (ticks_ingestor).
2025-08-28 19:58:19,927 | INFO | kafka.coordinator | LeaveGroup request for group ticks_ingestor returned successfully
2025-08-28 19:58:19,928 | INFO | kafka.conn | <BrokerConnection client_id=kafka-python-2.2.15, node_id=1 host=159.65.41.22:9092 <connected> [IPv4 ('159.65.41.22', 9092)]>: Closing connection. 
2025-08-28 19:58:19,928 | INFO | kafka.conn | <BrokerConnection client_id=kafka-python-2.2.15, node_id=coordinator-1 host=159.65.41.22:9092 <connected> [IPv4 ('159.65.41.22', 9092)]>: Closing connection. 
2025-08-28 19:58:19,929 | INFO | __main__ | System shutdown complete.
